[ 2015-11-26T13:13:37+08:00 ] 192.168.1.100 /weiphp3/
INFO: [ app_init ] --START--
INFO: Run Behavior\BuildLiteBehavior [ RunTime:0.000025s ]
INFO: Run Common\Behavior\InitHookBehavior [ RunTime:0.019181s ]
INFO: [ app_init ] --END-- [ RunTime:0.020565s ]
INFO: [ app_begin ] --START--
INFO: Run Behavior\ReadHtmlCacheBehavior [ RunTime:0.001524s ]
INFO: [ app_begin ] --END-- [ RunTime:0.001612s ]
SQL: SELECT `value` FROM `wp_config` WHERE ( name="FOLLOW_YOUKE_UID" ) LIMIT 1   [ RunTime:0.0400s ]
SQL: UPDATE `wp_config` SET `value`='-12743' WHERE ( name="FOLLOW_YOUKE_UID" ) [ RunTime:0.0379s ]
NOTIC: [8] Undefined index: uid G:\gx\weiphp3\ThinkPHP\Library\Think\Controller.class.php 第 506 行.
SQL: SHOW COLUMNS FROM `wp_auth_group_access` [ RunTime:0.0398s ]
SQL: SELECT a.uid,a.group_id,g.title,g.rules FROM wp_auth_group_access a INNER JOIN wp_auth_group g on a.group_id=g.id  WHERE ( a.uid='-12743' and g.status='1' )  [ RunTime:0.0381s ]
SQL: SELECT `id`,`token` FROM `wp_public`  [ RunTime:0.0377s ]
NOTIC: [8] Undefined index: -1 G:\gx\weiphp3\Application\Common\Model\PublicModel.class.php 第 38 行.
NOTIC: [8] Undefined index: addon_status G:\gx\weiphp3\Application\Common\Model\AddonStatusModel.class.php 第 47 行.
NOTIC: [8] Undefined index: group_id G:\gx\weiphp3\Application\Common\Model\AddonStatusModel.class.php 第 50 行.
NOTIC: [8] Undefined variable: addons G:\gx\weiphp3\Application\Common\Common\function.php 第 501 行.
NOTIC: [8] Undefined variable: addons G:\gx\weiphp3\Application\Common\Common\function.php 第 501 行.
NOTIC: [8] Undefined variable: addons G:\gx\weiphp3\Application\Common\Common\function.php 第 501 行.
NOTIC: [8] Undefined variable: addons G:\gx\weiphp3\Application\Common\Common\function.php 第 501 行.
NOTIC: [8] Undefined variable: addons G:\gx\weiphp3\Application\Common\Common\function.php 第 501 行.
NOTIC: [8] Undefined variable: addons G:\gx\weiphp3\Application\Common\Common\function.php 第 501 行.
NOTIC: [8] Undefined variable: addons G:\gx\weiphp3\Application\Common\Common\function.php 第 501 行.
NOTIC: [8] Undefined variable: addons G:\gx\weiphp3\Application\Common\Common\function.php 第 501 行.
NOTIC: [8] Undefined variable: addons G:\gx\weiphp3\Application\Common\Common\function.php 第 501 行.
NOTIC: [8] Undefined variable: addons G:\gx\weiphp3\Application\Common\Common\function.php 第 501 行.
NOTIC: [8] Undefined variable: addons G:\gx\weiphp3\Application\Common\Common\function.php 第 501 行.
NOTIC: [8] Undefined variable: addons G:\gx\weiphp3\Application\Common\Common\function.php 第 501 行.
NOTIC: [8] Undefined variable: addons G:\gx\weiphp3\Application\Common\Common\function.php 第 501 行.
NOTIC: [8] Undefined variable: addons G:\gx\weiphp3\Application\Common\Common\function.php 第 501 行.
NOTIC: [8] Undefined variable: addons G:\gx\weiphp3\Application\Common\Common\function.php 第 501 行.
NOTIC: [8] Undefined variable: addons G:\gx\weiphp3\Application\Common\Common\function.php 第 501 行.
NOTIC: [8] Undefined variable: addons G:\gx\weiphp3\Application\Common\Common\function.php 第 501 行.
NOTIC: [8] Undefined variable: addons G:\gx\weiphp3\Application\Common\Common\function.php 第 501 行.
NOTIC: [8] Undefined variable: addons G:\gx\weiphp3\Application\Common\Common\function.php 第 501 行.
NOTIC: [8] Undefined variable: addons G:\gx\weiphp3\Application\Common\Common\function.php 第 501 行.
NOTIC: [8] Undefined variable: addons G:\gx\weiphp3\Application\Common\Common\function.php 第 501 行.
NOTIC: [8] Undefined variable: addons G:\gx\weiphp3\Application\Common\Common\function.php 第 501 行.
NOTIC: [8] Undefined variable: addons G:\gx\weiphp3\Application\Common\Common\function.php 第 501 行.
NOTIC: [8] Undefined variable: addons G:\gx\weiphp3\Application\Common\Common\function.php 第 501 行.
NOTIC: [8] Undefined variable: addons G:\gx\weiphp3\Application\Common\Common\function.php 第 501 行.
NOTIC: [8] Undefined variable: addons G:\gx\weiphp3\Application\Common\Common\function.php 第 501 行.
NOTIC: [8] Undefined variable: addons G:\gx\weiphp3\Application\Common\Common\function.php 第 501 行.
NOTIC: [8] Undefined variable: addons G:\gx\weiphp3\Application\Common\Common\function.php 第 501 行.
NOTIC: [8] Undefined variable: addons G:\gx\weiphp3\Application\Common\Common\function.php 第 501 行.
NOTIC: [8] Undefined variable: addons G:\gx\weiphp3\Application\Common\Common\function.php 第 501 行.
NOTIC: [8] Undefined variable: addons G:\gx\weiphp3\Application\Common\Common\function.php 第 501 行.
NOTIC: [8] Undefined variable: addons G:\gx\weiphp3\Application\Common\Common\function.php 第 501 行.
NOTIC: [8] Undefined variable: addons G:\gx\weiphp3\Application\Common\Common\function.php 第 501 行.
NOTIC: [8] Undefined variable: addons G:\gx\weiphp3\Application\Common\Common\function.php 第 501 行.
NOTIC: [8] Undefined variable: addons G:\gx\weiphp3\Application\Common\Common\function.php 第 501 行.
NOTIC: [8] Undefined variable: addons G:\gx\weiphp3\Application\Common\Common\function.php 第 501 行.
NOTIC: [8] Undefined variable: addons G:\gx\weiphp3\Application\Common\Common\function.php 第 501 行.
NOTIC: [8] Undefined variable: addons G:\gx\weiphp3\Application\Common\Common\function.php 第 501 行.
SQL: SELECT * FROM `wp_manager_menu` WHERE `uid` = 0 AND `is_hide` = 0 ORDER BY sort asc, id asc  [ RunTime:0.0382s ]
SQL: SELECT * FROM `wp_manager_menu` WHERE `uid` = 1 AND `is_hide` = 0 ORDER BY sort asc, id asc  [ RunTime:0.0395s ]
NOTIC: [8] Undefined variable: addons G:\gx\weiphp3\Application\Common\Common\function.php 第 501 行.
NOTIC: [8] Undefined variable: addons G:\gx\weiphp3\Application\Common\Common\function.php 第 501 行.
NOTIC: [8] Undefined variable: addons G:\gx\weiphp3\Application\Common\Common\function.php 第 501 行.
NOTIC: [8] Undefined variable: addons G:\gx\weiphp3\Application\Common\Common\function.php 第 501 行.
NOTIC: [8] Undefined variable: addons G:\gx\weiphp3\Application\Common\Common\function.php 第 501 行.
NOTIC: [8] Undefined variable: addons G:\gx\weiphp3\Application\Common\Common\function.php 第 501 行.
NOTIC: [8] Undefined variable: addons G:\gx\weiphp3\Application\Common\Common\function.php 第 501 行.
NOTIC: [8] Undefined variable: addons G:\gx\weiphp3\Application\Common\Common\function.php 第 501 行.
NOTIC: [8] Undefined variable: addons G:\gx\weiphp3\Application\Common\Common\function.php 第 501 行.
NOTIC: [8] Undefined variable: addons G:\gx\weiphp3\Application\Common\Common\function.php 第 501 行.
NOTIC: [8] Undefined variable: addons G:\gx\weiphp3\Application\Common\Common\function.php 第 501 行.
NOTIC: [8] Undefined variable: addons G:\gx\weiphp3\Application\Common\Common\function.php 第 501 行.
NOTIC: [8] Undefined variable: addons G:\gx\weiphp3\Application\Common\Common\function.php 第 501 行.
NOTIC: [8] Undefined variable: addons G:\gx\weiphp3\Application\Common\Common\function.php 第 501 行.
NOTIC: [8] Undefined variable: addons G:\gx\weiphp3\Application\Common\Common\function.php 第 501 行.
NOTIC: [8] Undefined variable: addons G:\gx\weiphp3\Application\Common\Common\function.php 第 501 行.
NOTIC: [8] Undefined index: 14 G:\gx\weiphp3\Application\Common\Model\ManagerMenuModel.class.php 第 94 行.
NOTIC: [8] Undefined index: 14 G:\gx\weiphp3\Application\Common\Model\ManagerMenuModel.class.php 第 104 行.
NOTIC: [8] Undefined index: 60 G:\gx\weiphp3\Application\Common\Model\ManagerMenuModel.class.php 第 94 行.
NOTIC: [8] Undefined index: 60 G:\gx\weiphp3\Application\Common\Model\ManagerMenuModel.class.php 第 104 行.
NOTIC: [8] Undefined variable: addons G:\gx\weiphp3\Application\Common\Common\function.php 第 501 行.
NOTIC: [8] Undefined index: HTTP_REFERER G:\gx\weiphp3\Application\Common\Model\ManagerMenuModel.class.php 第 127 行.
NOTIC: [8] Undefined index: side G:\gx\weiphp3\Application\Common\Model\ManagerMenuModel.class.php 第 167 行.
NOTIC: [8] Undefined index: side G:\gx\weiphp3\Application\Common\Model\ManagerMenuModel.class.php 第 167 行.
NOTIC: [8] Undefined index: side G:\gx\weiphp3\Application\Common\Model\ManagerMenuModel.class.php 第 167 行.
NOTIC: [8] Undefined index: side G:\gx\weiphp3\Application\Common\Model\ManagerMenuModel.class.php 第 167 行.
NOTIC: [8] Undefined index: side G:\gx\weiphp3\Application\Common\Model\ManagerMenuModel.class.php 第 167 行.
NOTIC: [8] Undefined index: side G:\gx\weiphp3\Application\Common\Model\ManagerMenuModel.class.php 第 167 行.
NOTIC: [8] Undefined index: side G:\gx\weiphp3\Application\Common\Model\ManagerMenuModel.class.php 第 167 行.
NOTIC: [8] Undefined index: side G:\gx\weiphp3\Application\Common\Model\ManagerMenuModel.class.php 第 167 行.
NOTIC: [8] Undefined index: side G:\gx\weiphp3\Application\Common\Model\ManagerMenuModel.class.php 第 167 行.
NOTIC: [8] Undefined index: side G:\gx\weiphp3\Application\Common\Model\ManagerMenuModel.class.php 第 167 行.
NOTIC: [8] Undefined index: side G:\gx\weiphp3\Application\Common\Model\ManagerMenuModel.class.php 第 167 行.
NOTIC: [8] Undefined index: side G:\gx\weiphp3\Application\Common\Model\ManagerMenuModel.class.php 第 167 行.
NOTIC: [8] Undefined index: side G:\gx\weiphp3\Application\Common\Model\ManagerMenuModel.class.php 第 167 行.
NOTIC: [8] Undefined index: side G:\gx\weiphp3\Application\Common\Model\ManagerMenuModel.class.php 第 167 行.
NOTIC: [8] Undefined index: side G:\gx\weiphp3\Application\Common\Model\ManagerMenuModel.class.php 第 167 行.
NOTIC: [8] Undefined index: side G:\gx\weiphp3\Application\Common\Model\ManagerMenuModel.class.php 第 167 行.
NOTIC: [8] Undefined index: side G:\gx\weiphp3\Application\Common\Model\ManagerMenuModel.class.php 第 167 行.
NOTIC: [8] Undefined index: side G:\gx\weiphp3\Application\Common\Model\ManagerMenuModel.class.php 第 167 行.
NOTIC: [8] Undefined index: side G:\gx\weiphp3\Application\Common\Model\ManagerMenuModel.class.php 第 167 行.
NOTIC: [8] Undefined index: side G:\gx\weiphp3\Application\Common\Model\ManagerMenuModel.class.php 第 167 行.
NOTIC: [8] Undefined index: side G:\gx\weiphp3\Application\Common\Model\ManagerMenuModel.class.php 第 167 行.
NOTIC: [8] Undefined index: side G:\gx\weiphp3\Application\Common\Model\ManagerMenuModel.class.php 第 167 行.
NOTIC: [8] Undefined index: side G:\gx\weiphp3\Application\Common\Model\ManagerMenuModel.class.php 第 167 行.
NOTIC: [8] Undefined index: side G:\gx\weiphp3\Application\Common\Model\ManagerMenuModel.class.php 第 167 行.
NOTIC: [8] Undefined index: side G:\gx\weiphp3\Application\Common\Model\ManagerMenuModel.class.php 第 167 行.
NOTIC: [8] Undefined index: side G:\gx\weiphp3\Application\Common\Model\ManagerMenuModel.class.php 第 167 行.
NOTIC: [8] Undefined index: side G:\gx\weiphp3\Application\Common\Model\ManagerMenuModel.class.php 第 167 行.
NOTIC: [8] Undefined index: side G:\gx\weiphp3\Application\Common\Model\ManagerMenuModel.class.php 第 167 行.
NOTIC: [8] Undefined index: side G:\gx\weiphp3\Application\Common\Model\ManagerMenuModel.class.php 第 167 行.
NOTIC: [8] Undefined index: side G:\gx\weiphp3\Application\Common\Model\ManagerMenuModel.class.php 第 167 行.
NOTIC: [8] Undefined index: side G:\gx\weiphp3\Application\Common\Model\ManagerMenuModel.class.php 第 167 行.
NOTIC: [8] Undefined index: side G:\gx\weiphp3\Application\Common\Model\ManagerMenuModel.class.php 第 167 行.
NOTIC: [8] Undefined index: side G:\gx\weiphp3\Application\Common\Model\ManagerMenuModel.class.php 第 167 行.
NOTIC: [8] Undefined index: side G:\gx\weiphp3\Application\Common\Model\ManagerMenuModel.class.php 第 167 行.
NOTIC: [8] Undefined index: side G:\gx\weiphp3\Application\Common\Model\ManagerMenuModel.class.php 第 167 行.
NOTIC: [8] Undefined index: side G:\gx\weiphp3\Application\Common\Model\ManagerMenuModel.class.php 第 167 行.
NOTIC: [8] Undefined index: side G:\gx\weiphp3\Application\Common\Model\ManagerMenuModel.class.php 第 167 行.
NOTIC: [8] Undefined index: side G:\gx\weiphp3\Application\Common\Model\ManagerMenuModel.class.php 第 167 行.
NOTIC: [8] Undefined index: side G:\gx\weiphp3\Application\Common\Model\ManagerMenuModel.class.php 第 167 行.
NOTIC: [8] Undefined index: side G:\gx\weiphp3\Application\Common\Model\ManagerMenuModel.class.php 第 167 行.
NOTIC: [8] Undefined index: side G:\gx\weiphp3\Application\Common\Model\ManagerMenuModel.class.php 第 167 行.
NOTIC: [8] Undefined index: side G:\gx\weiphp3\Application\Common\Model\ManagerMenuModel.class.php 第 167 行.
NOTIC: [8] Undefined index: side G:\gx\weiphp3\Application\Common\Model\ManagerMenuModel.class.php 第 167 行.
NOTIC: [8] Undefined index: side G:\gx\weiphp3\Application\Common\Model\ManagerMenuModel.class.php 第 167 行.
NOTIC: [8] Undefined offset: 14 G:\gx\weiphp3\Application\Common\Model\ManagerMenuModel.class.php 第 173 行.
SQL: SELECT * FROM `wp_public_link` WHERE `uid` = 0  [ RunTime:0.0382s ]
NOTIC: [2] Invalid argument supplied for foreach() G:\gx\weiphp3\Application\Common\Model\PublicModel.class.php 第 46 行.
NOTIC: [8] Undefined variable: res G:\gx\weiphp3\Application\Common\Model\PublicModel.class.php 第 50 行.

[ 2015-11-26T13:13:38+08:00 ] 192.168.1.100 /weiphp3/index.php?s=/Home/User/login/from/1.html
INFO: [ app_init ] --START--
INFO: Run Behavior\BuildLiteBehavior [ RunTime:0.000018s ]
INFO: Run Common\Behavior\InitHookBehavior [ RunTime:0.001363s ]
INFO: [ app_init ] --END-- [ RunTime:0.001805s ]
INFO: [ app_begin ] --START--
INFO: Run Behavior\ReadHtmlCacheBehavior [ RunTime:0.000410s ]
INFO: [ app_begin ] --END-- [ RunTime:0.000488s ]
NOTIC: [8] Undefined index: uid G:\gx\weiphp3\ThinkPHP\Library\Think\Controller.class.php 第 506 行.
SQL: SHOW COLUMNS FROM `wp_auth_group_access` [ RunTime:0.0403s ]
SQL: SELECT a.uid,a.group_id,g.title,g.rules FROM wp_auth_group_access a INNER JOIN wp_auth_group g on a.group_id=g.id  WHERE ( a.uid='-12743' and g.status='1' )  [ RunTime:0.0386s ]
SQL: SELECT `id`,`token` FROM `wp_public`  [ RunTime:0.0383s ]
NOTIC: [8] Undefined index: -1 G:\gx\weiphp3\Application\Common\Model\PublicModel.class.php 第 38 行.
NOTIC: [8] Undefined index: addon_status G:\gx\weiphp3\Application\Common\Model\AddonStatusModel.class.php 第 47 行.
NOTIC: [8] Undefined index: group_id G:\gx\weiphp3\Application\Common\Model\AddonStatusModel.class.php 第 50 行.
NOTIC: [8] Undefined variable: addons G:\gx\weiphp3\Application\Common\Common\function.php 第 501 行.
NOTIC: [8] Undefined variable: addons G:\gx\weiphp3\Application\Common\Common\function.php 第 501 行.
NOTIC: [8] Undefined variable: addons G:\gx\weiphp3\Application\Common\Common\function.php 第 501 行.
NOTIC: [8] Undefined variable: addons G:\gx\weiphp3\Application\Common\Common\function.php 第 501 行.
NOTIC: [8] Undefined variable: addons G:\gx\weiphp3\Application\Common\Common\function.php 第 501 行.
NOTIC: [8] Undefined variable: addons G:\gx\weiphp3\Application\Common\Common\function.php 第 501 行.
NOTIC: [8] Undefined variable: addons G:\gx\weiphp3\Application\Common\Common\function.php 第 501 行.
NOTIC: [8] Undefined variable: addons G:\gx\weiphp3\Application\Common\Common\function.php 第 501 行.
NOTIC: [8] Undefined variable: addons G:\gx\weiphp3\Application\Common\Common\function.php 第 501 行.
NOTIC: [8] Undefined variable: addons G:\gx\weiphp3\Application\Common\Common\function.php 第 501 行.
NOTIC: [8] Undefined variable: addons G:\gx\weiphp3\Application\Common\Common\function.php 第 501 行.
NOTIC: [8] Undefined variable: addons G:\gx\weiphp3\Application\Common\Common\function.php 第 501 行.
NOTIC: [8] Undefined variable: addons G:\gx\weiphp3\Application\Common\Common\function.php 第 501 行.
NOTIC: [8] Undefined variable: addons G:\gx\weiphp3\Application\Common\Common\function.php 第 501 行.
NOTIC: [8] Undefined variable: addons G:\gx\weiphp3\Application\Common\Common\function.php 第 501 行.
NOTIC: [8] Undefined variable: addons G:\gx\weiphp3\Application\Common\Common\function.php 第 501 行.
NOTIC: [8] Undefined variable: addons G:\gx\weiphp3\Application\Common\Common\function.php 第 501 行.
NOTIC: [8] Undefined variable: addons G:\gx\weiphp3\Application\Common\Common\function.php 第 501 行.
NOTIC: [8] Undefined variable: addons G:\gx\weiphp3\Application\Common\Common\function.php 第 501 行.
NOTIC: [8] Undefined variable: addons G:\gx\weiphp3\Application\Common\Common\function.php 第 501 行.
NOTIC: [8] Undefined variable: addons G:\gx\weiphp3\Application\Common\Common\function.php 第 501 行.
NOTIC: [8] Undefined variable: addons G:\gx\weiphp3\Application\Common\Common\function.php 第 501 行.
NOTIC: [8] Undefined variable: addons G:\gx\weiphp3\Application\Common\Common\function.php 第 501 行.
NOTIC: [8] Undefined variable: addons G:\gx\weiphp3\Application\Common\Common\function.php 第 501 行.
NOTIC: [8] Undefined variable: addons G:\gx\weiphp3\Application\Common\Common\function.php 第 501 行.
NOTIC: [8] Undefined variable: addons G:\gx\weiphp3\Application\Common\Common\function.php 第 501 行.
NOTIC: [8] Undefined variable: addons G:\gx\weiphp3\Application\Common\Common\function.php 第 501 行.
NOTIC: [8] Undefined variable: addons G:\gx\weiphp3\Application\Common\Common\function.php 第 501 行.
NOTIC: [8] Undefined variable: addons G:\gx\weiphp3\Application\Common\Common\function.php 第 501 行.
NOTIC: [8] Undefined variable: addons G:\gx\weiphp3\Application\Common\Common\function.php 第 501 行.
NOTIC: [8] Undefined variable: addons G:\gx\weiphp3\Application\Common\Common\function.php 第 501 行.
NOTIC: [8] Undefined variable: addons G:\gx\weiphp3\Application\Common\Common\function.php 第 501 行.
NOTIC: [8] Undefined variable: addons G:\gx\weiphp3\Application\Common\Common\function.php 第 501 行.
NOTIC: [8] Undefined variable: addons G:\gx\weiphp3\Application\Common\Common\function.php 第 501 行.
NOTIC: [8] Undefined variable: addons G:\gx\weiphp3\Application\Common\Common\function.php 第 501 行.
NOTIC: [8] Undefined variable: addons G:\gx\weiphp3\Application\Common\Common\function.php 第 501 行.
NOTIC: [8] Undefined variable: addons G:\gx\weiphp3\Application\Common\Common\function.php 第 501 行.
NOTIC: [8] Undefined variable: addons G:\gx\weiphp3\Application\Common\Common\function.php 第 501 行.
SQL: SELECT * FROM `wp_manager_menu` WHERE `uid` = -12743 AND `is_hide` = 0 ORDER BY sort asc, id asc  [ RunTime:0.0393s ]
SQL: SELECT * FROM `wp_manager_menu` WHERE `uid` = 1 AND `is_hide` = 0 ORDER BY sort asc, id asc  [ RunTime:0.0401s ]
NOTIC: [8] Undefined variable: addons G:\gx\weiphp3\Application\Common\Common\function.php 第 501 行.
NOTIC: [8] Undefined variable: addons G:\gx\weiphp3\Application\Common\Common\function.php 第 501 行.
NOTIC: [8] Undefined variable: addons G:\gx\weiphp3\Application\Common\Common\function.php 第 501 行.
NOTIC: [8] Undefined variable: addons G:\gx\weiphp3\Application\Common\Common\function.php 第 501 行.
NOTIC: [8] Undefined variable: addons G:\gx\weiphp3\Application\Common\Common\function.php 第 501 行.
NOTIC: [8] Undefined variable: addons G:\gx\weiphp3\Application\Common\Common\function.php 第 501 行.
NOTIC: [8] Undefined variable: addons G:\gx\weiphp3\Application\Common\Common\function.php 第 501 行.
NOTIC: [8] Undefined variable: addons G:\gx\weiphp3\Application\Common\Common\function.php 第 501 行.
NOTIC: [8] Undefined variable: addons G:\gx\weiphp3\Application\Common\Common\function.php 第 501 行.
NOTIC: [8] Undefined variable: addons G:\gx\weiphp3\Application\Common\Common\function.php 第 501 行.
NOTIC: [8] Undefined variable: addons G:\gx\weiphp3\Application\Common\Common\function.php 第 501 行.
NOTIC: [8] Undefined variable: addons G:\gx\weiphp3\Application\Common\Common\function.php 第 501 行.
NOTIC: [8] Undefined variable: addons G:\gx\weiphp3\Application\Common\Common\function.php 第 501 行.
NOTIC: [8] Undefined variable: addons G:\gx\weiphp3\Application\Common\Common\function.php 第 501 行.
NOTIC: [8] Undefined variable: addons G:\gx\weiphp3\Application\Common\Common\function.php 第 501 行.
NOTIC: [8] Undefined variable: addons G:\gx\weiphp3\Application\Common\Common\function.php 第 501 行.
NOTIC: [8] Undefined index: 14 G:\gx\weiphp3\Application\Common\Model\ManagerMenuModel.class.php 第 94 行.
NOTIC: [8] Undefined index: 14 G:\gx\weiphp3\Application\Common\Model\ManagerMenuModel.class.php 第 104 行.
NOTIC: [8] Undefined index: 60 G:\gx\weiphp3\Application\Common\Model\ManagerMenuModel.class.php 第 94 行.
NOTIC: [8] Undefined index: 60 G:\gx\weiphp3\Application\Common\Model\ManagerMenuModel.class.php 第 104 行.
NOTIC: [8] Undefined variable: addons G:\gx\weiphp3\Application\Common\Common\function.php 第 501 行.
NOTIC: [8] Undefined index: HTTP_REFERER G:\gx\weiphp3\Application\Common\Model\ManagerMenuModel.class.php 第 127 行.
NOTIC: [8] Undefined index: side G:\gx\weiphp3\Application\Common\Model\ManagerMenuModel.class.php 第 167 行.
NOTIC: [8] Undefined index: side G:\gx\weiphp3\Application\Common\Model\ManagerMenuModel.class.php 第 167 行.
NOTIC: [8] Undefined index: side G:\gx\weiphp3\Application\Common\Model\ManagerMenuModel.class.php 第 167 行.
NOTIC: [8] Undefined index: side G:\gx\weiphp3\Application\Common\Model\ManagerMenuModel.class.php 第 167 行.
NOTIC: [8] Undefined index: side G:\gx\weiphp3\Application\Common\Model\ManagerMenuModel.class.php 第 167 行.
NOTIC: [8] Undefined index: side G:\gx\weiphp3\Application\Common\Model\ManagerMenuModel.class.php 第 167 行.
NOTIC: [8] Undefined index: side G:\gx\weiphp3\Application\Common\Model\ManagerMenuModel.class.php 第 167 行.
NOTIC: [8] Undefined index: side G:\gx\weiphp3\Application\Common\Model\ManagerMenuModel.class.php 第 167 行.
NOTIC: [8] Undefined index: side G:\gx\weiphp3\Application\Common\Model\ManagerMenuModel.class.php 第 167 行.
NOTIC: [8] Undefined index: side G:\gx\weiphp3\Application\Common\Model\ManagerMenuModel.class.php 第 167 行.
NOTIC: [8] Undefined index: side G:\gx\weiphp3\Application\Common\Model\ManagerMenuModel.class.php 第 167 行.
NOTIC: [8] Undefined index: side G:\gx\weiphp3\Application\Common\Model\ManagerMenuModel.class.php 第 167 行.
NOTIC: [8] Undefined index: side G:\gx\weiphp3\Application\Common\Model\ManagerMenuModel.class.php 第 167 行.
NOTIC: [8] Undefined index: side G:\gx\weiphp3\Application\Common\Model\ManagerMenuModel.class.php 第 167 行.
NOTIC: [8] Undefined index: side G:\gx\weiphp3\Application\Common\Model\ManagerMenuModel.class.php 第 167 行.
NOTIC: [8] Undefined index: side G:\gx\weiphp3\Application\Common\Model\ManagerMenuModel.class.php 第 167 行.
NOTIC: [8] Undefined index: side G:\gx\weiphp3\Application\Common\Model\ManagerMenuModel.class.php 第 167 行.
NOTIC: [8] Undefined index: side G:\gx\weiphp3\Application\Common\Model\ManagerMenuModel.class.php 第 167 行.
NOTIC: [8] Undefined index: side G:\gx\weiphp3\Application\Common\Model\ManagerMenuModel.class.php 第 167 行.
NOTIC: [8] Undefined index: side G:\gx\weiphp3\Application\Common\Model\ManagerMenuModel.class.php 第 167 行.
NOTIC: [8] Undefined index: side G:\gx\weiphp3\Application\Common\Model\ManagerMenuModel.class.php 第 167 行.
NOTIC: [8] Undefined index: side G:\gx\weiphp3\Application\Common\Model\ManagerMenuModel.class.php 第 167 行.
NOTIC: [8] Undefined index: side G:\gx\weiphp3\Application\Common\Model\ManagerMenuModel.class.php 第 167 行.
NOTIC: [8] Undefined index: side G:\gx\weiphp3\Application\Common\Model\ManagerMenuModel.class.php 第 167 行.
NOTIC: [8] Undefined index: side G:\gx\weiphp3\Application\Common\Model\ManagerMenuModel.class.php 第 167 行.
NOTIC: [8] Undefined index: side G:\gx\weiphp3\Application\Common\Model\ManagerMenuModel.class.php 第 167 行.
NOTIC: [8] Undefined index: side G:\gx\weiphp3\Application\Common\Model\ManagerMenuModel.class.php 第 167 行.
NOTIC: [8] Undefined index: side G:\gx\weiphp3\Application\Common\Model\ManagerMenuModel.class.php 第 167 行.
NOTIC: [8] Undefined index: side G:\gx\weiphp3\Application\Common\Model\ManagerMenuModel.class.php 第 167 行.
NOTIC: [8] Undefined index: side G:\gx\weiphp3\Application\Common\Model\ManagerMenuModel.class.php 第 167 行.
NOTIC: [8] Undefined index: side G:\gx\weiphp3\Application\Common\Model\ManagerMenuModel.class.php 第 167 行.
NOTIC: [8] Undefined index: side G:\gx\weiphp3\Application\Common\Model\ManagerMenuModel.class.php 第 167 行.
NOTIC: [8] Undefined index: side G:\gx\weiphp3\Application\Common\Model\ManagerMenuModel.class.php 第 167 行.
NOTIC: [8] Undefined index: side G:\gx\weiphp3\Application\Common\Model\ManagerMenuModel.class.php 第 167 行.
NOTIC: [8] Undefined index: side G:\gx\weiphp3\Application\Common\Model\ManagerMenuModel.class.php 第 167 行.
NOTIC: [8] Undefined index: side G:\gx\weiphp3\Application\Common\Model\ManagerMenuModel.class.php 第 167 行.
NOTIC: [8] Undefined index: side G:\gx\weiphp3\Application\Common\Model\ManagerMenuModel.class.php 第 167 行.
NOTIC: [8] Undefined index: side G:\gx\weiphp3\Application\Common\Model\ManagerMenuModel.class.php 第 167 行.
NOTIC: [8] Undefined index: side G:\gx\weiphp3\Application\Common\Model\ManagerMenuModel.class.php 第 167 行.
NOTIC: [8] Undefined index: side G:\gx\weiphp3\Application\Common\Model\ManagerMenuModel.class.php 第 167 行.
NOTIC: [8] Undefined index: side G:\gx\weiphp3\Application\Common\Model\ManagerMenuModel.class.php 第 167 行.
NOTIC: [8] Undefined index: side G:\gx\weiphp3\Application\Common\Model\ManagerMenuModel.class.php 第 167 行.
NOTIC: [8] Undefined index: side G:\gx\weiphp3\Application\Common\Model\ManagerMenuModel.class.php 第 167 行.
NOTIC: [8] Undefined index: side G:\gx\weiphp3\Application\Common\Model\ManagerMenuModel.class.php 第 167 行.
NOTIC: [8] Undefined offset: 14 G:\gx\weiphp3\Application\Common\Model\ManagerMenuModel.class.php 第 173 行.
SQL: SELECT * FROM `wp_public_link` WHERE `uid` = -12743  [ RunTime:0.0382s ]
NOTIC: [2] Invalid argument supplied for foreach() G:\gx\weiphp3\Application\Common\Model\PublicModel.class.php 第 46 行.
NOTIC: [8] Undefined variable: res G:\gx\weiphp3\Application\Common\Model\PublicModel.class.php 第 50 行.
INFO: [ view_parse ] --START--
INFO: [ template_filter ] --START--
INFO: Run Behavior\ContentReplaceBehavior [ RunTime:0.000184s ]
INFO: [ template_filter ] --END-- [ RunTime:0.000284s ]
INFO: Run Behavior\ParseTemplateBehavior [ RunTime:0.024264s ]
INFO: [ view_parse ] --END-- [ RunTime:0.024367s ]
INFO: [ view_filter ] --START--
INFO: Run Behavior\WriteHtmlCacheBehavior [ RunTime:0.001268s ]
INFO: [ view_filter ] --END-- [ RunTime:0.001342s ]
INFO: [ app_end ] --START--
INFO: Run Behavior\ShowPageTraceBehavior [ RunTime:0.001311s ]
INFO: Run Behavior\CronRunBehavior [ RunTime:0.002136s ]
INFO: [ app_end ] --END-- [ RunTime:0.003595s ]

[ 2015-11-26T13:13:43+08:00 ] 192.168.1.100 /weiphp3/index.php?s=/Home/User/login/from/1.html
INFO: [ app_init ] --START--
INFO: Run Behavior\BuildLiteBehavior [ RunTime:0.000018s ]
INFO: Run Common\Behavior\InitHookBehavior [ RunTime:0.001700s ]
INFO: [ app_init ] --END-- [ RunTime:0.002101s ]
INFO: [ app_begin ] --START--
INFO: Run Behavior\ReadHtmlCacheBehavior [ RunTime:0.000535s ]
INFO: [ app_begin ] --END-- [ RunTime:0.000605s ]
NOTIC: [8] Undefined index: uid G:\gx\weiphp3\ThinkPHP\Library\Think\Controller.class.php 第 506 行.
SQL: SELECT `uid`,`nickname`,`password`,`truename`,`mobile`,`email`,`sex`,`headimgurl`,`city`,`province`,`country`,`language`,`score`,`experience`,`unionid`,`login_count`,`reg_ip`,`reg_time`,`last_login_ip`,`last_login_time`,`status`,`is_init`,`is_audit`,`subscribe_time`,`remark`,`groupid`,`come_from`,`login_name`,`login_password`,`manager_id`,`level`,`membership` FROM `wp_user` WHERE `login_name` = 'admin' LIMIT 1   [ RunTime:0.0424s ]
SQL: SELECT * FROM `wp_action` WHERE `name` = 'user_login' LIMIT 1   [ RunTime:0.0419s ]
SQL: UPDATE `wp_user` SET `login_count`=`login_count`+1,`last_login_time`='1448514823',`last_login_ip`='3232235876' WHERE `uid` = 1 [ RunTime:0.0412s ]

[ 2015-11-26T13:13:45+08:00 ] 192.168.1.100 /weiphp3/index.php?s=/Home/Index/index.html
INFO: [ app_init ] --START--
INFO: Run Behavior\BuildLiteBehavior [ RunTime:0.000018s ]
INFO: Run Common\Behavior\InitHookBehavior [ RunTime:0.001518s ]
INFO: [ app_init ] --END-- [ RunTime:0.001963s ]
INFO: [ app_begin ] --START--
INFO: Run Behavior\ReadHtmlCacheBehavior [ RunTime:0.000414s ]
INFO: [ app_begin ] --END-- [ RunTime:0.000494s ]
SQL: SELECT * FROM `wp_user` WHERE `uid` = 1 LIMIT 1   [ RunTime:0.0425s ]
SQL: SELECT `uid`,`has_public`,`headface_url`,`GammaAppId`,`GammaSecret`,`copy_right`,`tongji_code`,`website_logo` FROM `wp_manager` WHERE ( uid='1' ) LIMIT 1   [ RunTime:0.0670s ]
SQL: SHOW COLUMNS FROM `wp_auth_group_access` [ RunTime:0.0427s ]
SQL: SELECT a.group_id,g.title,g.type,g.icon FROM wp_auth_group_access a INNER JOIN wp_auth_group g on a.group_id=g.id  WHERE ( a.uid='1' and g.status='1' )  [ RunTime:0.0581s ]
SQL: SELECT `openid`,`token`,`uid`,`has_subscribe`,`syc_status`,`remark` FROM `wp_public_follow` WHERE ( uid='1' )  [ RunTime:0.0419s ]
NOTIC: [2] Invalid argument supplied for foreach() G:\gx\weiphp3\Application\Common\Model\UserModel.class.php 第 280 行.
NOTIC: [8] Undefined index:  G:\gx\weiphp3\Application\Common\Model\UserModel.class.php 第 295 行.
NOTIC: [8] Undefined index: uid G:\gx\weiphp3\ThinkPHP\Library\Think\Controller.class.php 第 506 行.
SQL: SELECT `id`,`token` FROM `wp_public`  [ RunTime:0.0411s ]
NOTIC: [8] Undefined index: -1 G:\gx\weiphp3\Application\Common\Model\PublicModel.class.php 第 38 行.
NOTIC: [8] Undefined index: addon_status G:\gx\weiphp3\Application\Common\Model\AddonStatusModel.class.php 第 47 行.
NOTIC: [8] Undefined index: group_id G:\gx\weiphp3\Application\Common\Model\AddonStatusModel.class.php 第 50 行.
NOTIC: [8] Undefined variable: addons G:\gx\weiphp3\Application\Common\Common\function.php 第 501 行.
NOTIC: [8] Undefined variable: addons G:\gx\weiphp3\Application\Common\Common\function.php 第 501 行.
NOTIC: [8] Undefined variable: addons G:\gx\weiphp3\Application\Common\Common\function.php 第 501 行.
NOTIC: [8] Undefined variable: addons G:\gx\weiphp3\Application\Common\Common\function.php 第 501 行.
NOTIC: [8] Undefined variable: addons G:\gx\weiphp3\Application\Common\Common\function.php 第 501 行.
NOTIC: [8] Undefined variable: addons G:\gx\weiphp3\Application\Common\Common\function.php 第 501 行.
NOTIC: [8] Undefined variable: addons G:\gx\weiphp3\Application\Common\Common\function.php 第 501 行.
NOTIC: [8] Undefined variable: addons G:\gx\weiphp3\Application\Common\Common\function.php 第 501 行.
NOTIC: [8] Undefined variable: addons G:\gx\weiphp3\Application\Common\Common\function.php 第 501 行.
NOTIC: [8] Undefined variable: addons G:\gx\weiphp3\Application\Common\Common\function.php 第 501 行.
NOTIC: [8] Undefined variable: addons G:\gx\weiphp3\Application\Common\Common\function.php 第 501 行.
NOTIC: [8] Undefined variable: addons G:\gx\weiphp3\Application\Common\Common\function.php 第 501 行.
NOTIC: [8] Undefined variable: addons G:\gx\weiphp3\Application\Common\Common\function.php 第 501 行.
NOTIC: [8] Undefined variable: addons G:\gx\weiphp3\Application\Common\Common\function.php 第 501 行.
NOTIC: [8] Undefined variable: addons G:\gx\weiphp3\Application\Common\Common\function.php 第 501 行.
NOTIC: [8] Undefined variable: addons G:\gx\weiphp3\Application\Common\Common\function.php 第 501 行.
NOTIC: [8] Undefined variable: addons G:\gx\weiphp3\Application\Common\Common\function.php 第 501 行.
NOTIC: [8] Undefined variable: addons G:\gx\weiphp3\Application\Common\Common\function.php 第 501 行.
NOTIC: [8] Undefined variable: addons G:\gx\weiphp3\Application\Common\Common\function.php 第 501 行.
NOTIC: [8] Undefined variable: addons G:\gx\weiphp3\Application\Common\Common\function.php 第 501 行.
NOTIC: [8] Undefined variable: addons G:\gx\weiphp3\Application\Common\Common\function.php 第 501 行.
NOTIC: [8] Undefined variable: addons G:\gx\weiphp3\Application\Common\Common\function.php 第 501 行.
NOTIC: [8] Undefined variable: addons G:\gx\weiphp3\Application\Common\Common\function.php 第 501 行.
NOTIC: [8] Undefined variable: addons G:\gx\weiphp3\Application\Common\Common\function.php 第 501 行.
NOTIC: [8] Undefined variable: addons G:\gx\weiphp3\Application\Common\Common\function.php 第 501 行.
NOTIC: [8] Undefined variable: addons G:\gx\weiphp3\Application\Common\Common\function.php 第 501 行.
NOTIC: [8] Undefined variable: addons G:\gx\weiphp3\Application\Common\Common\function.php 第 501 行.
NOTIC: [8] Undefined variable: addons G:\gx\weiphp3\Application\Common\Common\function.php 第 501 行.
NOTIC: [8] Undefined variable: addons G:\gx\weiphp3\Application\Common\Common\function.php 第 501 行.
NOTIC: [8] Undefined variable: addons G:\gx\weiphp3\Application\Common\Common\function.php 第 501 行.
NOTIC: [8] Undefined variable: addons G:\gx\weiphp3\Application\Common\Common\function.php 第 501 行.
NOTIC: [8] Undefined variable: addons G:\gx\weiphp3\Application\Common\Common\function.php 第 501 行.
NOTIC: [8] Undefined variable: addons G:\gx\weiphp3\Application\Common\Common\function.php 第 501 行.
NOTIC: [8] Undefined variable: addons G:\gx\weiphp3\Application\Common\Common\function.php 第 501 行.
NOTIC: [8] Undefined variable: addons G:\gx\weiphp3\Application\Common\Common\function.php 第 501 行.
NOTIC: [8] Undefined variable: addons G:\gx\weiphp3\Application\Common\Common\function.php 第 501 行.
NOTIC: [8] Undefined variable: addons G:\gx\weiphp3\Application\Common\Common\function.php 第 501 行.
NOTIC: [8] Undefined variable: addons G:\gx\weiphp3\Application\Common\Common\function.php 第 501 行.
SQL: SELECT * FROM `wp_manager_menu` WHERE `uid` = 1 AND `is_hide` = 0 ORDER BY sort asc, id asc  [ RunTime:0.0427s ]
NOTIC: [8] Undefined variable: addons G:\gx\weiphp3\Application\Common\Common\function.php 第 501 行.
NOTIC: [8] Undefined variable: addons G:\gx\weiphp3\Application\Common\Common\function.php 第 501 行.
NOTIC: [8] Undefined variable: addons G:\gx\weiphp3\Application\Common\Common\function.php 第 501 行.
NOTIC: [8] Undefined variable: addons G:\gx\weiphp3\Application\Common\Common\function.php 第 501 行.
NOTIC: [8] Undefined variable: addons G:\gx\weiphp3\Application\Common\Common\function.php 第 501 行.
NOTIC: [8] Undefined variable: addons G:\gx\weiphp3\Application\Common\Common\function.php 第 501 行.
NOTIC: [8] Undefined variable: addons G:\gx\weiphp3\Application\Common\Common\function.php 第 501 行.
NOTIC: [8] Undefined variable: addons G:\gx\weiphp3\Application\Common\Common\function.php 第 501 行.
NOTIC: [8] Undefined variable: addons G:\gx\weiphp3\Application\Common\Common\function.php 第 501 行.
NOTIC: [8] Undefined variable: addons G:\gx\weiphp3\Application\Common\Common\function.php 第 501 行.
NOTIC: [8] Undefined variable: addons G:\gx\weiphp3\Application\Common\Common\function.php 第 501 行.
NOTIC: [8] Undefined variable: addons G:\gx\weiphp3\Application\Common\Common\function.php 第 501 行.
NOTIC: [8] Undefined variable: addons G:\gx\weiphp3\Application\Common\Common\function.php 第 501 行.
NOTIC: [8] Undefined variable: addons G:\gx\weiphp3\Application\Common\Common\function.php 第 501 行.
NOTIC: [8] Undefined variable: addons G:\gx\weiphp3\Application\Common\Common\function.php 第 501 行.
NOTIC: [8] Undefined variable: addons G:\gx\weiphp3\Application\Common\Common\function.php 第 501 行.
NOTIC: [8] Undefined index: 14 G:\gx\weiphp3\Application\Common\Model\ManagerMenuModel.class.php 第 94 行.
NOTIC: [8] Undefined index: 14 G:\gx\weiphp3\Application\Common\Model\ManagerMenuModel.class.php 第 104 行.
NOTIC: [8] Undefined index: 60 G:\gx\weiphp3\Application\Common\Model\ManagerMenuModel.class.php 第 94 行.
NOTIC: [8] Undefined index: 60 G:\gx\weiphp3\Application\Common\Model\ManagerMenuModel.class.php 第 104 行.
NOTIC: [8] Undefined variable: addons G:\gx\weiphp3\Application\Common\Common\function.php 第 501 行.
NOTIC: [8] Undefined index: side G:\gx\weiphp3\Application\Common\Model\ManagerMenuModel.class.php 第 167 行.
NOTIC: [8] Undefined index: side G:\gx\weiphp3\Application\Common\Model\ManagerMenuModel.class.php 第 167 行.
NOTIC: [8] Undefined index: side G:\gx\weiphp3\Application\Common\Model\ManagerMenuModel.class.php 第 167 行.
NOTIC: [8] Undefined index: side G:\gx\weiphp3\Application\Common\Model\ManagerMenuModel.class.php 第 167 行.
NOTIC: [8] Undefined index: side G:\gx\weiphp3\Application\Common\Model\ManagerMenuModel.class.php 第 167 行.
NOTIC: [8] Undefined index: side G:\gx\weiphp3\Application\Common\Model\ManagerMenuModel.class.php 第 167 行.
NOTIC: [8] Undefined index: side G:\gx\weiphp3\Application\Common\Model\ManagerMenuModel.class.php 第 167 行.
NOTIC: [8] Undefined index: side G:\gx\weiphp3\Application\Common\Model\ManagerMenuModel.class.php 第 167 行.
NOTIC: [8] Undefined index: side G:\gx\weiphp3\Application\Common\Model\ManagerMenuModel.class.php 第 167 行.
NOTIC: [8] Undefined index: side G:\gx\weiphp3\Application\Common\Model\ManagerMenuModel.class.php 第 167 行.
NOTIC: [8] Undefined index: side G:\gx\weiphp3\Application\Common\Model\ManagerMenuModel.class.php 第 167 行.
NOTIC: [8] Undefined index: side G:\gx\weiphp3\Application\Common\Model\ManagerMenuModel.class.php 第 167 行.
NOTIC: [8] Undefined index: side G:\gx\weiphp3\Application\Common\Model\ManagerMenuModel.class.php 第 167 行.
NOTIC: [8] Undefined index: side G:\gx\weiphp3\Application\Common\Model\ManagerMenuModel.class.php 第 167 行.
NOTIC: [8] Undefined index: side G:\gx\weiphp3\Application\Common\Model\ManagerMenuModel.class.php 第 167 行.
NOTIC: [8] Undefined index: side G:\gx\weiphp3\Application\Common\Model\ManagerMenuModel.class.php 第 167 行.
NOTIC: [8] Undefined index: side G:\gx\weiphp3\Application\Common\Model\ManagerMenuModel.class.php 第 167 行.
NOTIC: [8] Undefined index: side G:\gx\weiphp3\Application\Common\Model\ManagerMenuModel.class.php 第 167 行.
NOTIC: [8] Undefined index: side G:\gx\weiphp3\Application\Common\Model\ManagerMenuModel.class.php 第 167 行.
NOTIC: [8] Undefined index: side G:\gx\weiphp3\Application\Common\Model\ManagerMenuModel.class.php 第 167 行.
NOTIC: [8] Undefined index: side G:\gx\weiphp3\Application\Common\Model\ManagerMenuModel.class.php 第 167 行.
NOTIC: [8] Undefined index: side G:\gx\weiphp3\Application\Common\Model\ManagerMenuModel.class.php 第 167 行.
NOTIC: [8] Undefined index: side G:\gx\weiphp3\Application\Common\Model\ManagerMenuModel.class.php 第 167 行.
NOTIC: [8] Undefined index: side G:\gx\weiphp3\Application\Common\Model\ManagerMenuModel.class.php 第 167 行.
NOTIC: [8] Undefined index: side G:\gx\weiphp3\Application\Common\Model\ManagerMenuModel.class.php 第 167 行.
NOTIC: [8] Undefined index: side G:\gx\weiphp3\Application\Common\Model\ManagerMenuModel.class.php 第 167 行.
NOTIC: [8] Undefined index: side G:\gx\weiphp3\Application\Common\Model\ManagerMenuModel.class.php 第 167 行.
NOTIC: [8] Undefined index: side G:\gx\weiphp3\Application\Common\Model\ManagerMenuModel.class.php 第 167 行.
NOTIC: [8] Undefined index: side G:\gx\weiphp3\Application\Common\Model\ManagerMenuModel.class.php 第 167 行.
NOTIC: [8] Undefined index: side G:\gx\weiphp3\Application\Common\Model\ManagerMenuModel.class.php 第 167 行.
NOTIC: [8] Undefined index: side G:\gx\weiphp3\Application\Common\Model\ManagerMenuModel.class.php 第 167 行.
NOTIC: [8] Undefined index: side G:\gx\weiphp3\Application\Common\Model\ManagerMenuModel.class.php 第 167 行.
NOTIC: [8] Undefined index: side G:\gx\weiphp3\Application\Common\Model\ManagerMenuModel.class.php 第 167 行.
NOTIC: [8] Undefined index: side G:\gx\weiphp3\Application\Common\Model\ManagerMenuModel.class.php 第 167 行.
NOTIC: [8] Undefined index: side G:\gx\weiphp3\Application\Common\Model\ManagerMenuModel.class.php 第 167 行.
NOTIC: [8] Undefined index: side G:\gx\weiphp3\Application\Common\Model\ManagerMenuModel.class.php 第 167 行.
NOTIC: [8] Undefined index: side G:\gx\weiphp3\Application\Common\Model\ManagerMenuModel.class.php 第 167 行.
NOTIC: [8] Undefined index: side G:\gx\weiphp3\Application\Common\Model\ManagerMenuModel.class.php 第 167 行.
NOTIC: [8] Undefined index: side G:\gx\weiphp3\Application\Common\Model\ManagerMenuModel.class.php 第 167 行.
NOTIC: [8] Undefined index: side G:\gx\weiphp3\Application\Common\Model\ManagerMenuModel.class.php 第 167 行.
NOTIC: [8] Undefined index: side G:\gx\weiphp3\Application\Common\Model\ManagerMenuModel.class.php 第 167 行.
NOTIC: [8] Undefined index: side G:\gx\weiphp3\Application\Common\Model\ManagerMenuModel.class.php 第 167 行.
NOTIC: [8] Undefined index: side G:\gx\weiphp3\Application\Common\Model\ManagerMenuModel.class.php 第 167 行.
NOTIC: [8] Undefined index: side G:\gx\weiphp3\Application\Common\Model\ManagerMenuModel.class.php 第 167 行.
NOTIC: [8] Undefined offset: 14 G:\gx\weiphp3\Application\Common\Model\ManagerMenuModel.class.php 第 173 行.
SQL: SELECT * FROM `wp_public_link` WHERE `uid` = 1  [ RunTime:0.0413s ]
SQL: SELECT * FROM `wp_public` WHERE `id` = 9 LIMIT 1   [ RunTime:0.0429s ]
SQL: SELECT * FROM `wp_public` WHERE `id` = 13 LIMIT 1   [ RunTime:0.0420s ]
SQL: SELECT * FROM `wp_user` WHERE `uid` = 1 LIMIT 1   [ RunTime:0.3504s ]
SQL: SELECT `id`,`token` FROM `wp_public`  [ RunTime:0.0414s ]
NOTIC: [8] Undefined index: -1 G:\gx\weiphp3\Application\Common\Model\PublicModel.class.php 第 38 行.
NOTIC: [8] Undefined index: addon_status G:\gx\weiphp3\Application\Common\Model\AddonStatusModel.class.php 第 47 行.
NOTIC: [8] Undefined index: group_id G:\gx\weiphp3\Application\Common\Model\AddonStatusModel.class.php 第 50 行.
NOTIC: [8] Undefined variable: addons G:\gx\weiphp3\Application\Common\Common\function.php 第 501 行.
NOTIC: [8] Undefined variable: addons G:\gx\weiphp3\Application\Common\Common\function.php 第 501 行.
NOTIC: [8] Undefined variable: addons G:\gx\weiphp3\Application\Common\Common\function.php 第 501 行.
NOTIC: [8] Undefined variable: addons G:\gx\weiphp3\Application\Common\Common\function.php 第 501 行.
NOTIC: [8] Undefined variable: addons G:\gx\weiphp3\Application\Common\Common\function.php 第 501 行.
NOTIC: [8] Undefined variable: addons G:\gx\weiphp3\Application\Common\Common\function.php 第 501 行.
NOTIC: [8] Undefined variable: addons G:\gx\weiphp3\Application\Common\Common\function.php 第 501 行.
NOTIC: [8] Undefined variable: addons G:\gx\weiphp3\Application\Common\Common\function.php 第 501 行.
NOTIC: [8] Undefined variable: addons G:\gx\weiphp3\Application\Common\Common\function.php 第 501 行.
NOTIC: [8] Undefined variable: addons G:\gx\weiphp3\Application\Common\Common\function.php 第 501 行.
NOTIC: [8] Undefined variable: addons G:\gx\weiphp3\Application\Common\Common\function.php 第 501 行.
NOTIC: [8] Undefined variable: addons G:\gx\weiphp3\Application\Common\Common\function.php 第 501 行.
NOTIC: [8] Undefined variable: addons G:\gx\weiphp3\Application\Common\Common\function.php 第 501 行.
NOTIC: [8] Undefined variable: addons G:\gx\weiphp3\Application\Common\Common\function.php 第 501 行.
NOTIC: [8] Undefined variable: addons G:\gx\weiphp3\Application\Common\Common\function.php 第 501 行.
NOTIC: [8] Undefined variable: addons G:\gx\weiphp3\Application\Common\Common\function.php 第 501 行.
NOTIC: [8] Undefined variable: addons G:\gx\weiphp3\Application\Common\Common\function.php 第 501 行.
NOTIC: [8] Undefined variable: addons G:\gx\weiphp3\Application\Common\Common\function.php 第 501 行.
NOTIC: [8] Undefined variable: addons G:\gx\weiphp3\Application\Common\Common\function.php 第 501 行.
NOTIC: [8] Undefined variable: addons G:\gx\weiphp3\Application\Common\Common\function.php 第 501 行.
NOTIC: [8] Undefined variable: addons G:\gx\weiphp3\Application\Common\Common\function.php 第 501 行.
NOTIC: [8] Undefined variable: addons G:\gx\weiphp3\Application\Common\Common\function.php 第 501 行.
NOTIC: [8] Undefined variable: addons G:\gx\weiphp3\Application\Common\Common\function.php 第 501 行.
NOTIC: [8] Undefined variable: addons G:\gx\weiphp3\Application\Common\Common\function.php 第 501 行.
NOTIC: [8] Undefined variable: addons G:\gx\weiphp3\Application\Common\Common\function.php 第 501 行.
NOTIC: [8] Undefined variable: addons G:\gx\weiphp3\Application\Common\Common\function.php 第 501 行.
NOTIC: [8] Undefined variable: addons G:\gx\weiphp3\Application\Common\Common\function.php 第 501 行.
NOTIC: [8] Undefined variable: addons G:\gx\weiphp3\Application\Common\Common\function.php 第 501 行.
NOTIC: [8] Undefined variable: addons G:\gx\weiphp3\Application\Common\Common\function.php 第 501 行.
NOTIC: [8] Undefined variable: addons G:\gx\weiphp3\Application\Common\Common\function.php 第 501 行.
NOTIC: [8] Undefined variable: addons G:\gx\weiphp3\Application\Common\Common\function.php 第 501 行.
NOTIC: [8] Undefined variable: addons G:\gx\weiphp3\Application\Common\Common\function.php 第 501 行.
NOTIC: [8] Undefined variable: addons G:\gx\weiphp3\Application\Common\Common\function.php 第 501 行.
NOTIC: [8] Undefined variable: addons G:\gx\weiphp3\Application\Common\Common\function.php 第 501 行.
NOTIC: [8] Undefined variable: addons G:\gx\weiphp3\Application\Common\Common\function.php 第 501 行.
NOTIC: [8] Undefined variable: addons G:\gx\weiphp3\Application\Common\Common\function.php 第 501 行.
NOTIC: [8] Undefined variable: addons G:\gx\weiphp3\Application\Common\Common\function.php 第 501 行.
NOTIC: [8] Undefined variable: addons G:\gx\weiphp3\Application\Common\Common\function.php 第 501 行.
SQL: SELECT * FROM `wp_manager_menu` WHERE `uid` = 1 AND `is_hide` = 0 ORDER BY sort asc, id asc  [ RunTime:0.0431s ]
NOTIC: [8] Undefined variable: addons G:\gx\weiphp3\Application\Common\Common\function.php 第 501 行.
NOTIC: [8] Undefined variable: addons G:\gx\weiphp3\Application\Common\Common\function.php 第 501 行.
NOTIC: [8] Undefined variable: addons G:\gx\weiphp3\Application\Common\Common\function.php 第 501 行.
NOTIC: [8] Undefined variable: addons G:\gx\weiphp3\Application\Common\Common\function.php 第 501 行.
NOTIC: [8] Undefined variable: addons G:\gx\weiphp3\Application\Common\Common\function.php 第 501 行.
NOTIC: [8] Undefined variable: addons G:\gx\weiphp3\Application\Common\Common\function.php 第 501 行.
NOTIC: [8] Undefined variable: addons G:\gx\weiphp3\Application\Common\Common\function.php 第 501 行.
NOTIC: [8] Undefined variable: addons G:\gx\weiphp3\Application\Common\Common\function.php 第 501 行.
NOTIC: [8] Undefined variable: addons G:\gx\weiphp3\Application\Common\Common\function.php 第 501 行.
NOTIC: [8] Undefined variable: addons G:\gx\weiphp3\Application\Common\Common\function.php 第 501 行.
NOTIC: [8] Undefined variable: addons G:\gx\weiphp3\Application\Common\Common\function.php 第 501 行.
NOTIC: [8] Undefined variable: addons G:\gx\weiphp3\Application\Common\Common\function.php 第 501 行.
NOTIC: [8] Undefined variable: addons G:\gx\weiphp3\Application\Common\Common\function.php 第 501 行.
NOTIC: [8] Undefined variable: addons G:\gx\weiphp3\Application\Common\Common\function.php 第 501 行.
NOTIC: [8] Undefined variable: addons G:\gx\weiphp3\Application\Common\Common\function.php 第 501 行.
NOTIC: [8] Undefined variable: addons G:\gx\weiphp3\Application\Common\Common\function.php 第 501 行.
NOTIC: [8] Undefined index: 14 G:\gx\weiphp3\Application\Common\Model\ManagerMenuModel.class.php 第 94 行.
NOTIC: [8] Undefined index: 14 G:\gx\weiphp3\Application\Common\Model\ManagerMenuModel.class.php 第 104 行.
NOTIC: [8] Undefined index: 60 G:\gx\weiphp3\Application\Common\Model\ManagerMenuModel.class.php 第 94 行.
NOTIC: [8] Undefined index: 60 G:\gx\weiphp3\Application\Common\Model\ManagerMenuModel.class.php 第 104 行.
NOTIC: [8] Undefined variable: addons G:\gx\weiphp3\Application\Common\Common\function.php 第 501 行.
NOTIC: [8] Undefined index: side G:\gx\weiphp3\Application\Common\Model\ManagerMenuModel.class.php 第 167 行.
NOTIC: [8] Undefined index: side G:\gx\weiphp3\Application\Common\Model\ManagerMenuModel.class.php 第 167 行.
NOTIC: [8] Undefined index: side G:\gx\weiphp3\Application\Common\Model\ManagerMenuModel.class.php 第 167 行.
NOTIC: [8] Undefined index: side G:\gx\weiphp3\Application\Common\Model\ManagerMenuModel.class.php 第 167 行.
NOTIC: [8] Undefined index: side G:\gx\weiphp3\Application\Common\Model\ManagerMenuModel.class.php 第 167 行.
NOTIC: [8] Undefined index: side G:\gx\weiphp3\Application\Common\Model\ManagerMenuModel.class.php 第 167 行.
NOTIC: [8] Undefined index: side G:\gx\weiphp3\Application\Common\Model\ManagerMenuModel.class.php 第 167 行.
NOTIC: [8] Undefined index: side G:\gx\weiphp3\Application\Common\Model\ManagerMenuModel.class.php 第 167 行.
NOTIC: [8] Undefined index: side G:\gx\weiphp3\Application\Common\Model\ManagerMenuModel.class.php 第 167 行.
NOTIC: [8] Undefined index: side G:\gx\weiphp3\Application\Common\Model\ManagerMenuModel.class.php 第 167 行.
NOTIC: [8] Undefined index: side G:\gx\weiphp3\Application\Common\Model\ManagerMenuModel.class.php 第 167 行.
NOTIC: [8] Undefined index: side G:\gx\weiphp3\Application\Common\Model\ManagerMenuModel.class.php 第 167 行.
NOTIC: [8] Undefined index: side G:\gx\weiphp3\Application\Common\Model\ManagerMenuModel.class.php 第 167 行.
NOTIC: [8] Undefined index: side G:\gx\weiphp3\Application\Common\Model\ManagerMenuModel.class.php 第 167 行.
NOTIC: [8] Undefined index: side G:\gx\weiphp3\Application\Common\Model\ManagerMenuModel.class.php 第 167 行.
NOTIC: [8] Undefined index: side G:\gx\weiphp3\Application\Common\Model\ManagerMenuModel.class.php 第 167 行.
NOTIC: [8] Undefined index: side G:\gx\weiphp3\Application\Common\Model\ManagerMenuModel.class.php 第 167 行.
NOTIC: [8] Undefined index: side G:\gx\weiphp3\Application\Common\Model\ManagerMenuModel.class.php 第 167 行.
NOTIC: [8] Undefined index: side G:\gx\weiphp3\Application\Common\Model\ManagerMenuModel.class.php 第 167 行.
NOTIC: [8] Undefined index: side G:\gx\weiphp3\Application\Common\Model\ManagerMenuModel.class.php 第 167 行.
NOTIC: [8] Undefined index: side G:\gx\weiphp3\Application\Common\Model\ManagerMenuModel.class.php 第 167 行.
NOTIC: [8] Undefined index: side G:\gx\weiphp3\Application\Common\Model\ManagerMenuModel.class.php 第 167 行.
NOTIC: [8] Undefined index: side G:\gx\weiphp3\Application\Common\Model\ManagerMenuModel.class.php 第 167 行.
NOTIC: [8] Undefined index: side G:\gx\weiphp3\Application\Common\Model\ManagerMenuModel.class.php 第 167 行.
NOTIC: [8] Undefined index: side G:\gx\weiphp3\Application\Common\Model\ManagerMenuModel.class.php 第 167 行.
NOTIC: [8] Undefined index: side G:\gx\weiphp3\Application\Common\Model\ManagerMenuModel.class.php 第 167 行.
NOTIC: [8] Undefined index: side G:\gx\weiphp3\Application\Common\Model\ManagerMenuModel.class.php 第 167 行.
NOTIC: [8] Undefined index: side G:\gx\weiphp3\Application\Common\Model\ManagerMenuModel.class.php 第 167 行.
NOTIC: [8] Undefined index: side G:\gx\weiphp3\Application\Common\Model\ManagerMenuModel.class.php 第 167 行.
NOTIC: [8] Undefined index: side G:\gx\weiphp3\Application\Common\Model\ManagerMenuModel.class.php 第 167 行.
NOTIC: [8] Undefined index: side G:\gx\weiphp3\Application\Common\Model\ManagerMenuModel.class.php 第 167 行.
NOTIC: [8] Undefined index: side G:\gx\weiphp3\Application\Common\Model\ManagerMenuModel.class.php 第 167 行.
NOTIC: [8] Undefined index: side G:\gx\weiphp3\Application\Common\Model\ManagerMenuModel.class.php 第 167 行.
NOTIC: [8] Undefined index: side G:\gx\weiphp3\Application\Common\Model\ManagerMenuModel.class.php 第 167 行.
NOTIC: [8] Undefined index: side G:\gx\weiphp3\Application\Common\Model\ManagerMenuModel.class.php 第 167 行.
NOTIC: [8] Undefined index: side G:\gx\weiphp3\Application\Common\Model\ManagerMenuModel.class.php 第 167 行.
NOTIC: [8] Undefined index: side G:\gx\weiphp3\Application\Common\Model\ManagerMenuModel.class.php 第 167 行.
NOTIC: [8] Undefined index: side G:\gx\weiphp3\Application\Common\Model\ManagerMenuModel.class.php 第 167 行.
NOTIC: [8] Undefined index: side G:\gx\weiphp3\Application\Common\Model\ManagerMenuModel.class.php 第 167 行.
NOTIC: [8] Undefined index: side G:\gx\weiphp3\Application\Common\Model\ManagerMenuModel.class.php 第 167 行.
NOTIC: [8] Undefined index: side G:\gx\weiphp3\Application\Common\Model\ManagerMenuModel.class.php 第 167 行.
NOTIC: [8] Undefined index: side G:\gx\weiphp3\Application\Common\Model\ManagerMenuModel.class.php 第 167 行.
NOTIC: [8] Undefined index: side G:\gx\weiphp3\Application\Common\Model\ManagerMenuModel.class.php 第 167 行.
NOTIC: [8] Undefined index: side G:\gx\weiphp3\Application\Common\Model\ManagerMenuModel.class.php 第 167 行.
NOTIC: [8] Undefined offset: 14 G:\gx\weiphp3\Application\Common\Model\ManagerMenuModel.class.php 第 173 行.

[ 2015-11-26T13:13:45+08:00 ] 192.168.1.100 /weiphp3/index.php?s=/home/index/main.html&mdm=14
INFO: [ app_init ] --START--
INFO: Run Behavior\BuildLiteBehavior [ RunTime:0.000019s ]
INFO: Run Common\Behavior\InitHookBehavior [ RunTime:0.001822s ]
INFO: [ app_init ] --END-- [ RunTime:0.002273s ]
INFO: [ app_begin ] --START--
INFO: Run Behavior\ReadHtmlCacheBehavior [ RunTime:0.000513s ]
INFO: [ app_begin ] --END-- [ RunTime:0.000592s ]
NOTIC: [8] Undefined index: uid G:\gx\weiphp3\ThinkPHP\Library\Think\Controller.class.php 第 506 行.
SQL: SELECT `id`,`token` FROM `wp_public`  [ RunTime:0.0401s ]
NOTIC: [8] Undefined index: -1 G:\gx\weiphp3\Application\Common\Model\PublicModel.class.php 第 38 行.
NOTIC: [8] Undefined index: addon_status G:\gx\weiphp3\Application\Common\Model\AddonStatusModel.class.php 第 47 行.
NOTIC: [8] Undefined index: group_id G:\gx\weiphp3\Application\Common\Model\AddonStatusModel.class.php 第 50 行.
NOTIC: [8] Undefined variable: addons G:\gx\weiphp3\Application\Common\Common\function.php 第 501 行.
NOTIC: [8] Undefined variable: addons G:\gx\weiphp3\Application\Common\Common\function.php 第 501 行.
NOTIC: [8] Undefined variable: addons G:\gx\weiphp3\Application\Common\Common\function.php 第 501 行.
NOTIC: [8] Undefined variable: addons G:\gx\weiphp3\Application\Common\Common\function.php 第 501 行.
NOTIC: [8] Undefined variable: addons G:\gx\weiphp3\Application\Common\Common\function.php 第 501 行.
NOTIC: [8] Undefined variable: addons G:\gx\weiphp3\Application\Common\Common\function.php 第 501 行.
NOTIC: [8] Undefined variable: addons G:\gx\weiphp3\Application\Common\Common\function.php 第 501 行.
NOTIC: [8] Undefined variable: addons G:\gx\weiphp3\Application\Common\Common\function.php 第 501 行.
NOTIC: [8] Undefined variable: addons G:\gx\weiphp3\Application\Common\Common\function.php 第 501 行.
NOTIC: [8] Undefined variable: addons G:\gx\weiphp3\Application\Common\Common\function.php 第 501 行.
NOTIC: [8] Undefined variable: addons G:\gx\weiphp3\Application\Common\Common\function.php 第 501 行.
NOTIC: [8] Undefined variable: addons G:\gx\weiphp3\Application\Common\Common\function.php 第 501 行.
NOTIC: [8] Undefined variable: addons G:\gx\weiphp3\Application\Common\Common\function.php 第 501 行.
NOTIC: [8] Undefined variable: addons G:\gx\weiphp3\Application\Common\Common\function.php 第 501 行.
NOTIC: [8] Undefined variable: addons G:\gx\weiphp3\Application\Common\Common\function.php 第 501 行.
NOTIC: [8] Undefined variable: addons G:\gx\weiphp3\Application\Common\Common\function.php 第 501 行.
NOTIC: [8] Undefined variable: addons G:\gx\weiphp3\Application\Common\Common\function.php 第 501 行.
NOTIC: [8] Undefined variable: addons G:\gx\weiphp3\Application\Common\Common\function.php 第 501 行.
NOTIC: [8] Undefined variable: addons G:\gx\weiphp3\Application\Common\Common\function.php 第 501 行.
NOTIC: [8] Undefined variable: addons G:\gx\weiphp3\Application\Common\Common\function.php 第 501 行.
NOTIC: [8] Undefined variable: addons G:\gx\weiphp3\Application\Common\Common\function.php 第 501 行.
NOTIC: [8] Undefined variable: addons G:\gx\weiphp3\Application\Common\Common\function.php 第 501 行.
NOTIC: [8] Undefined variable: addons G:\gx\weiphp3\Application\Common\Common\function.php 第 501 行.
NOTIC: [8] Undefined variable: addons G:\gx\weiphp3\Application\Common\Common\function.php 第 501 行.
NOTIC: [8] Undefined variable: addons G:\gx\weiphp3\Application\Common\Common\function.php 第 501 行.
NOTIC: [8] Undefined variable: addons G:\gx\weiphp3\Application\Common\Common\function.php 第 501 行.
NOTIC: [8] Undefined variable: addons G:\gx\weiphp3\Application\Common\Common\function.php 第 501 行.
NOTIC: [8] Undefined variable: addons G:\gx\weiphp3\Application\Common\Common\function.php 第 501 行.
NOTIC: [8] Undefined variable: addons G:\gx\weiphp3\Application\Common\Common\function.php 第 501 行.
NOTIC: [8] Undefined variable: addons G:\gx\weiphp3\Application\Common\Common\function.php 第 501 行.
NOTIC: [8] Undefined variable: addons G:\gx\weiphp3\Application\Common\Common\function.php 第 501 行.
NOTIC: [8] Undefined variable: addons G:\gx\weiphp3\Application\Common\Common\function.php 第 501 行.
NOTIC: [8] Undefined variable: addons G:\gx\weiphp3\Application\Common\Common\function.php 第 501 行.
NOTIC: [8] Undefined variable: addons G:\gx\weiphp3\Application\Common\Common\function.php 第 501 行.
NOTIC: [8] Undefined variable: addons G:\gx\weiphp3\Application\Common\Common\function.php 第 501 行.
NOTIC: [8] Undefined variable: addons G:\gx\weiphp3\Application\Common\Common\function.php 第 501 行.
NOTIC: [8] Undefined variable: addons G:\gx\weiphp3\Application\Common\Common\function.php 第 501 行.
NOTIC: [8] Undefined variable: addons G:\gx\weiphp3\Application\Common\Common\function.php 第 501 行.
SQL: SELECT * FROM `wp_manager_menu` WHERE `uid` = 1 AND `is_hide` = 0 ORDER BY sort asc, id asc  [ RunTime:0.0413s ]
NOTIC: [8] Undefined variable: addons G:\gx\weiphp3\Application\Common\Common\function.php 第 501 行.
NOTIC: [8] Undefined variable: addons G:\gx\weiphp3\Application\Common\Common\function.php 第 501 行.
NOTIC: [8] Undefined variable: addons G:\gx\weiphp3\Application\Common\Common\function.php 第 501 行.
NOTIC: [8] Undefined variable: addons G:\gx\weiphp3\Application\Common\Common\function.php 第 501 行.
NOTIC: [8] Undefined variable: addons G:\gx\weiphp3\Application\Common\Common\function.php 第 501 行.
NOTIC: [8] Undefined variable: addons G:\gx\weiphp3\Application\Common\Common\function.php 第 501 行.
NOTIC: [8] Undefined variable: addons G:\gx\weiphp3\Application\Common\Common\function.php 第 501 行.
NOTIC: [8] Undefined variable: addons G:\gx\weiphp3\Application\Common\Common\function.php 第 501 行.
NOTIC: [8] Undefined variable: addons G:\gx\weiphp3\Application\Common\Common\function.php 第 501 行.
NOTIC: [8] Undefined variable: addons G:\gx\weiphp3\Application\Common\Common\function.php 第 501 行.
NOTIC: [8] Undefined variable: addons G:\gx\weiphp3\Application\Common\Common\function.php 第 501 行.
NOTIC: [8] Undefined variable: addons G:\gx\weiphp3\Application\Common\Common\function.php 第 501 行.
NOTIC: [8] Undefined variable: addons G:\gx\weiphp3\Application\Common\Common\function.php 第 501 行.
NOTIC: [8] Undefined variable: addons G:\gx\weiphp3\Application\Common\Common\function.php 第 501 行.
NOTIC: [8] Undefined variable: addons G:\gx\weiphp3\Application\Common\Common\function.php 第 501 行.
NOTIC: [8] Undefined variable: addons G:\gx\weiphp3\Application\Common\Common\function.php 第 501 行.
NOTIC: [8] Undefined index: 14 G:\gx\weiphp3\Application\Common\Model\ManagerMenuModel.class.php 第 94 行.
NOTIC: [8] Undefined index: 14 G:\gx\weiphp3\Application\Common\Model\ManagerMenuModel.class.php 第 104 行.
NOTIC: [8] Undefined index: 60 G:\gx\weiphp3\Application\Common\Model\ManagerMenuModel.class.php 第 94 行.
NOTIC: [8] Undefined index: 60 G:\gx\weiphp3\Application\Common\Model\ManagerMenuModel.class.php 第 104 行.
NOTIC: [8] Undefined variable: addons G:\gx\weiphp3\Application\Common\Common\function.php 第 501 行.
NOTIC: [8] Undefined offset: 1 G:\gx\weiphp3\Application\Common\Model\ManagerMenuModel.class.php 第 131 行.
NOTIC: [8] Undefined offset: 14 G:\gx\weiphp3\Application\Common\Model\ManagerMenuModel.class.php 第 173 行.
SQL: SELECT * FROM `wp_public_link` WHERE `uid` = 1  [ RunTime:0.0402s ]

[ 2015-11-26T13:13:45+08:00 ] 192.168.1.100 /weiphp3/index.php?s=/Home/Public/lists/from/5.html
INFO: [ app_init ] --START--
INFO: Run Behavior\BuildLiteBehavior [ RunTime:0.000018s ]
INFO: Run Common\Behavior\InitHookBehavior [ RunTime:0.001963s ]
INFO: [ app_init ] --END-- [ RunTime:0.002438s ]
INFO: [ app_begin ] --START--
INFO: Run Behavior\ReadHtmlCacheBehavior [ RunTime:0.000567s ]
INFO: [ app_begin ] --END-- [ RunTime:0.000643s ]
NOTIC: [8] Undefined index: uid G:\gx\weiphp3\ThinkPHP\Library\Think\Controller.class.php 第 506 行.
SQL: SELECT `id`,`token` FROM `wp_public`  [ RunTime:0.0389s ]
NOTIC: [8] Undefined index: -1 G:\gx\weiphp3\Application\Common\Model\PublicModel.class.php 第 38 行.
NOTIC: [8] Undefined index: addon_status G:\gx\weiphp3\Application\Common\Model\AddonStatusModel.class.php 第 47 行.
NOTIC: [8] Undefined index: group_id G:\gx\weiphp3\Application\Common\Model\AddonStatusModel.class.php 第 50 行.
NOTIC: [8] Undefined variable: addons G:\gx\weiphp3\Application\Common\Common\function.php 第 501 行.
NOTIC: [8] Undefined variable: addons G:\gx\weiphp3\Application\Common\Common\function.php 第 501 行.
NOTIC: [8] Undefined variable: addons G:\gx\weiphp3\Application\Common\Common\function.php 第 501 行.
NOTIC: [8] Undefined variable: addons G:\gx\weiphp3\Application\Common\Common\function.php 第 501 行.
NOTIC: [8] Undefined variable: addons G:\gx\weiphp3\Application\Common\Common\function.php 第 501 行.
NOTIC: [8] Undefined variable: addons G:\gx\weiphp3\Application\Common\Common\function.php 第 501 行.
NOTIC: [8] Undefined variable: addons G:\gx\weiphp3\Application\Common\Common\function.php 第 501 行.
NOTIC: [8] Undefined variable: addons G:\gx\weiphp3\Application\Common\Common\function.php 第 501 行.
NOTIC: [8] Undefined variable: addons G:\gx\weiphp3\Application\Common\Common\function.php 第 501 行.
NOTIC: [8] Undefined variable: addons G:\gx\weiphp3\Application\Common\Common\function.php 第 501 行.
NOTIC: [8] Undefined variable: addons G:\gx\weiphp3\Application\Common\Common\function.php 第 501 行.
NOTIC: [8] Undefined variable: addons G:\gx\weiphp3\Application\Common\Common\function.php 第 501 行.
NOTIC: [8] Undefined variable: addons G:\gx\weiphp3\Application\Common\Common\function.php 第 501 行.
NOTIC: [8] Undefined variable: addons G:\gx\weiphp3\Application\Common\Common\function.php 第 501 行.
NOTIC: [8] Undefined variable: addons G:\gx\weiphp3\Application\Common\Common\function.php 第 501 行.
NOTIC: [8] Undefined variable: addons G:\gx\weiphp3\Application\Common\Common\function.php 第 501 行.
NOTIC: [8] Undefined variable: addons G:\gx\weiphp3\Application\Common\Common\function.php 第 501 行.
NOTIC: [8] Undefined variable: addons G:\gx\weiphp3\Application\Common\Common\function.php 第 501 行.
NOTIC: [8] Undefined variable: addons G:\gx\weiphp3\Application\Common\Common\function.php 第 501 行.
NOTIC: [8] Undefined variable: addons G:\gx\weiphp3\Application\Common\Common\function.php 第 501 行.
NOTIC: [8] Undefined variable: addons G:\gx\weiphp3\Application\Common\Common\function.php 第 501 行.
NOTIC: [8] Undefined variable: addons G:\gx\weiphp3\Application\Common\Common\function.php 第 501 行.
NOTIC: [8] Undefined variable: addons G:\gx\weiphp3\Application\Common\Common\function.php 第 501 行.
NOTIC: [8] Undefined variable: addons G:\gx\weiphp3\Application\Common\Common\function.php 第 501 行.
NOTIC: [8] Undefined variable: addons G:\gx\weiphp3\Application\Common\Common\function.php 第 501 行.
NOTIC: [8] Undefined variable: addons G:\gx\weiphp3\Application\Common\Common\function.php 第 501 行.
NOTIC: [8] Undefined variable: addons G:\gx\weiphp3\Application\Common\Common\function.php 第 501 行.
NOTIC: [8] Undefined variable: addons G:\gx\weiphp3\Application\Common\Common\function.php 第 501 行.
NOTIC: [8] Undefined variable: addons G:\gx\weiphp3\Application\Common\Common\function.php 第 501 行.
NOTIC: [8] Undefined variable: addons G:\gx\weiphp3\Application\Common\Common\function.php 第 501 行.
NOTIC: [8] Undefined variable: addons G:\gx\weiphp3\Application\Common\Common\function.php 第 501 行.
NOTIC: [8] Undefined variable: addons G:\gx\weiphp3\Application\Common\Common\function.php 第 501 行.
NOTIC: [8] Undefined variable: addons G:\gx\weiphp3\Application\Common\Common\function.php 第 501 行.
NOTIC: [8] Undefined variable: addons G:\gx\weiphp3\Application\Common\Common\function.php 第 501 行.
NOTIC: [8] Undefined variable: addons G:\gx\weiphp3\Application\Common\Common\function.php 第 501 行.
NOTIC: [8] Undefined variable: addons G:\gx\weiphp3\Application\Common\Common\function.php 第 501 行.
NOTIC: [8] Undefined variable: addons G:\gx\weiphp3\Application\Common\Common\function.php 第 501 行.
NOTIC: [8] Undefined variable: addons G:\gx\weiphp3\Application\Common\Common\function.php 第 501 行.
SQL: SELECT * FROM `wp_manager_menu` WHERE `uid` = 1 AND `is_hide` = 0 ORDER BY sort asc, id asc  [ RunTime:0.0403s ]
NOTIC: [8] Undefined variable: addons G:\gx\weiphp3\Application\Common\Common\function.php 第 501 行.
NOTIC: [8] Undefined variable: addons G:\gx\weiphp3\Application\Common\Common\function.php 第 501 行.
NOTIC: [8] Undefined variable: addons G:\gx\weiphp3\Application\Common\Common\function.php 第 501 行.
NOTIC: [8] Undefined variable: addons G:\gx\weiphp3\Application\Common\Common\function.php 第 501 行.
NOTIC: [8] Undefined variable: addons G:\gx\weiphp3\Application\Common\Common\function.php 第 501 行.
NOTIC: [8] Undefined variable: addons G:\gx\weiphp3\Application\Common\Common\function.php 第 501 行.
NOTIC: [8] Undefined variable: addons G:\gx\weiphp3\Application\Common\Common\function.php 第 501 行.
NOTIC: [8] Undefined variable: addons G:\gx\weiphp3\Application\Common\Common\function.php 第 501 行.
NOTIC: [8] Undefined variable: addons G:\gx\weiphp3\Application\Common\Common\function.php 第 501 行.
NOTIC: [8] Undefined variable: addons G:\gx\weiphp3\Application\Common\Common\function.php 第 501 行.
NOTIC: [8] Undefined variable: addons G:\gx\weiphp3\Application\Common\Common\function.php 第 501 行.
NOTIC: [8] Undefined variable: addons G:\gx\weiphp3\Application\Common\Common\function.php 第 501 行.
NOTIC: [8] Undefined variable: addons G:\gx\weiphp3\Application\Common\Common\function.php 第 501 行.
NOTIC: [8] Undefined variable: addons G:\gx\weiphp3\Application\Common\Common\function.php 第 501 行.
NOTIC: [8] Undefined variable: addons G:\gx\weiphp3\Application\Common\Common\function.php 第 501 行.
NOTIC: [8] Undefined variable: addons G:\gx\weiphp3\Application\Common\Common\function.php 第 501 行.
NOTIC: [8] Undefined index: 14 G:\gx\weiphp3\Application\Common\Model\ManagerMenuModel.class.php 第 94 行.
NOTIC: [8] Undefined index: 14 G:\gx\weiphp3\Application\Common\Model\ManagerMenuModel.class.php 第 104 行.
NOTIC: [8] Undefined index: 60 G:\gx\weiphp3\Application\Common\Model\ManagerMenuModel.class.php 第 94 行.
NOTIC: [8] Undefined index: 60 G:\gx\weiphp3\Application\Common\Model\ManagerMenuModel.class.php 第 104 行.
NOTIC: [8] Undefined variable: addons G:\gx\weiphp3\Application\Common\Common\function.php 第 501 行.
NOTIC: [8] Undefined offset: 14 G:\gx\weiphp3\Application\Common\Model\ManagerMenuModel.class.php 第 173 行.
SQL: SELECT * FROM `wp_public_link` WHERE `uid` = 1  [ RunTime:0.0393s ]
SQL: SELECT * FROM `wp_model` WHERE `name` = 'public' LIMIT 1   [ RunTime:0.0397s ]
SQL: SELECT `mp_id` FROM `wp_public_link` WHERE ( uid='1' )  [ RunTime:0.0383s ]
SQL: SELECT `mp_id`,count(1) as num FROM `wp_public_link` WHERE `mp_id` IN ('4','9','13') GROUP BY mp_id  [ RunTime:0.0386s ]
SQL: SELECT * FROM `wp_model` WHERE `id` = 6 LIMIT 1   [ RunTime:0.0391s ]
NOTIC: [8] Undefined variable: order G:\gx\weiphp3\Application\Home\Controller\PublicController.class.php 第 67 行.
SQL: SELECT `id`,`uid`,`public_name`,`public_id`,`wechat`,`interface_url`,`headface_url`,`area`,`addon_config`,`addon_status`,`token`,`is_use`,`type`,`appid`,`secret`,`group_id`,`encodingaeskey`,`tips_url`,`domain`,`is_bind` FROM `wp_public` WHERE `id` IN ('4','9','13')  [ RunTime:0.0398s ]
INFO: [ view_parse ] --START--
INFO: [ template_filter ] --START--
INFO: Run Behavior\ContentReplaceBehavior [ RunTime:0.000246s ]
INFO: [ template_filter ] --END-- [ RunTime:0.000345s ]
NOTIC: [8] Use of undefined constant website_logo - assumed 'website_logo' G:\gx\weiphp3\Runtime\Cache\Home\47bf96c39d5f0d38e70fc110cfd82d9b.php 第 57 行.
NOTIC: [8] Undefined variable: public_info G:\gx\weiphp3\Runtime\Cache\Home\47bf96c39d5f0d38e70fc110cfd82d9b.php 第 62 行.
NOTIC: [8] Use of undefined constant mp_id - assumed 'mp_id' G:\gx\weiphp3\Runtime\Cache\Home\47bf96c39d5f0d38e70fc110cfd82d9b.php 第 64 行.
NOTIC: [8] Use of undefined constant mp_id - assumed 'mp_id' G:\gx\weiphp3\Runtime\Cache\Home\47bf96c39d5f0d38e70fc110cfd82d9b.php 第 64 行.
NOTIC: [8] Use of undefined constant mp_id - assumed 'mp_id' G:\gx\weiphp3\Runtime\Cache\Home\47bf96c39d5f0d38e70fc110cfd82d9b.php 第 64 行.
NOTIC: [8] Use of undefined constant headimgurl - assumed 'headimgurl' G:\gx\weiphp3\Runtime\Cache\Home\47bf96c39d5f0d38e70fc110cfd82d9b.php 第 83 行.
NOTIC: [8] Undefined variable: output G:\gx\weiphp3\Application\Common\Common\function.php 第 1726 行.
NOTIC: [8] Use of undefined constant id - assumed 'id' G:\gx\weiphp3\Runtime\Cache\Home\47bf96c39d5f0d38e70fc110cfd82d9b.php 第 153 行.
NOTIC: [8] Use of undefined constant id - assumed 'id' G:\gx\weiphp3\Runtime\Cache\Home\47bf96c39d5f0d38e70fc110cfd82d9b.php 第 154 行.
NOTIC: [8] Use of undefined constant id - assumed 'id' G:\gx\weiphp3\Runtime\Cache\Home\47bf96c39d5f0d38e70fc110cfd82d9b.php 第 155 行.
NOTIC: [8] Use of undefined constant id - assumed 'id' G:\gx\weiphp3\Runtime\Cache\Home\47bf96c39d5f0d38e70fc110cfd82d9b.php 第 156 行.
NOTIC: [8] Use of undefined constant id - assumed 'id' G:\gx\weiphp3\Runtime\Cache\Home\47bf96c39d5f0d38e70fc110cfd82d9b.php 第 153 行.
NOTIC: [8] Use of undefined constant id - assumed 'id' G:\gx\weiphp3\Runtime\Cache\Home\47bf96c39d5f0d38e70fc110cfd82d9b.php 第 154 行.
NOTIC: [8] Use of undefined constant id - assumed 'id' G:\gx\weiphp3\Runtime\Cache\Home\47bf96c39d5f0d38e70fc110cfd82d9b.php 第 155 行.
NOTIC: [8] Use of undefined constant id - assumed 'id' G:\gx\weiphp3\Runtime\Cache\Home\47bf96c39d5f0d38e70fc110cfd82d9b.php 第 156 行.
NOTIC: [8] Use of undefined constant id - assumed 'id' G:\gx\weiphp3\Runtime\Cache\Home\47bf96c39d5f0d38e70fc110cfd82d9b.php 第 153 行.
NOTIC: [8] Use of undefined constant id - assumed 'id' G:\gx\weiphp3\Runtime\Cache\Home\47bf96c39d5f0d38e70fc110cfd82d9b.php 第 154 行.
NOTIC: [8] Use of undefined constant id - assumed 'id' G:\gx\weiphp3\Runtime\Cache\Home\47bf96c39d5f0d38e70fc110cfd82d9b.php 第 155 行.
NOTIC: [8] Use of undefined constant id - assumed 'id' G:\gx\weiphp3\Runtime\Cache\Home\47bf96c39d5f0d38e70fc110cfd82d9b.php 第 156 行.
NOTIC: [8] Undefined variable: tongji_code G:\gx\weiphp3\Runtime\Cache\Home\47bf96c39d5f0d38e70fc110cfd82d9b.php 第 225 行.
INFO: Run Behavior\ParseTemplateBehavior [ RunTime:0.028460s ]
INFO: [ view_parse ] --END-- [ RunTime:0.028550s ]
INFO: [ view_filter ] --START--
INFO: Run Behavior\WriteHtmlCacheBehavior [ RunTime:0.000415s ]
INFO: [ view_filter ] --END-- [ RunTime:0.000502s ]
INFO: [ app_end ] --START--
INFO: Run Behavior\ShowPageTraceBehavior [ RunTime:0.000537s ]
INFO: Run Behavior\CronRunBehavior [ RunTime:0.001441s ]
INFO: [ app_end ] --END-- [ RunTime:0.002111s ]

[ 2015-11-26T13:25:57+08:00 ] 192.168.1.100 /weiphp3/index.php?s=/Home/Index/main/publicid/4.html
INFO: [ app_init ] --START--
INFO: Run Behavior\BuildLiteBehavior [ RunTime:0.000018s ]
INFO: Run Common\Behavior\InitHookBehavior [ RunTime:0.002024s ]
INFO: [ app_init ] --END-- [ RunTime:0.002482s ]
INFO: [ app_begin ] --START--
INFO: Run Behavior\ReadHtmlCacheBehavior [ RunTime:0.000518s ]
INFO: [ app_begin ] --END-- [ RunTime:0.000596s ]
SQL: SELECT `name`,type_3 as val FROM `wp_public_auth`  [ RunTime:0.7737s ]
NOTIC: [8] Undefined index: uid G:\gx\weiphp3\ThinkPHP\Library\Think\Controller.class.php 第 506 行.
NOTIC: [8] Undefined variable: addons G:\gx\weiphp3\Application\Common\Common\function.php 第 501 行.
NOTIC: [8] Undefined variable: addons G:\gx\weiphp3\Application\Common\Common\function.php 第 501 行.
NOTIC: [8] Undefined variable: addons G:\gx\weiphp3\Application\Common\Common\function.php 第 501 行.
NOTIC: [8] Undefined variable: addons G:\gx\weiphp3\Application\Common\Common\function.php 第 501 行.
NOTIC: [8] Undefined variable: addons G:\gx\weiphp3\Application\Common\Common\function.php 第 501 行.
NOTIC: [8] Undefined variable: addons G:\gx\weiphp3\Application\Common\Common\function.php 第 501 行.
NOTIC: [8] Undefined variable: addons G:\gx\weiphp3\Application\Common\Common\function.php 第 501 行.
NOTIC: [8] Undefined variable: addons G:\gx\weiphp3\Application\Common\Common\function.php 第 501 行.
NOTIC: [8] Undefined variable: addons G:\gx\weiphp3\Application\Common\Common\function.php 第 501 行.
NOTIC: [8] Undefined variable: addons G:\gx\weiphp3\Application\Common\Common\function.php 第 501 行.
NOTIC: [8] Undefined variable: addons G:\gx\weiphp3\Application\Common\Common\function.php 第 501 行.
NOTIC: [8] Undefined variable: addons G:\gx\weiphp3\Application\Common\Common\function.php 第 501 行.
NOTIC: [8] Undefined variable: addons G:\gx\weiphp3\Application\Common\Common\function.php 第 501 行.
NOTIC: [8] Undefined variable: addons G:\gx\weiphp3\Application\Common\Common\function.php 第 501 行.
NOTIC: [8] Undefined variable: addons G:\gx\weiphp3\Application\Common\Common\function.php 第 501 行.
NOTIC: [8] Undefined variable: addons G:\gx\weiphp3\Application\Common\Common\function.php 第 501 行.
NOTIC: [8] Undefined variable: addons G:\gx\weiphp3\Application\Common\Common\function.php 第 501 行.
NOTIC: [8] Undefined variable: addons G:\gx\weiphp3\Application\Common\Common\function.php 第 501 行.
NOTIC: [8] Undefined variable: addons G:\gx\weiphp3\Application\Common\Common\function.php 第 501 行.
NOTIC: [8] Undefined variable: addons G:\gx\weiphp3\Application\Common\Common\function.php 第 501 行.
NOTIC: [8] Undefined variable: addons G:\gx\weiphp3\Application\Common\Common\function.php 第 501 行.
NOTIC: [8] Undefined variable: addons G:\gx\weiphp3\Application\Common\Common\function.php 第 501 行.
NOTIC: [8] Undefined variable: addons G:\gx\weiphp3\Application\Common\Common\function.php 第 501 行.
NOTIC: [8] Undefined variable: addons G:\gx\weiphp3\Application\Common\Common\function.php 第 501 行.
NOTIC: [8] Undefined variable: addons G:\gx\weiphp3\Application\Common\Common\function.php 第 501 行.
NOTIC: [8] Undefined variable: addons G:\gx\weiphp3\Application\Common\Common\function.php 第 501 行.
NOTIC: [8] Undefined variable: addons G:\gx\weiphp3\Application\Common\Common\function.php 第 501 行.
NOTIC: [8] Undefined variable: addons G:\gx\weiphp3\Application\Common\Common\function.php 第 501 行.
NOTIC: [8] Undefined variable: addons G:\gx\weiphp3\Application\Common\Common\function.php 第 501 行.
NOTIC: [8] Undefined variable: addons G:\gx\weiphp3\Application\Common\Common\function.php 第 501 行.
NOTIC: [8] Undefined variable: addons G:\gx\weiphp3\Application\Common\Common\function.php 第 501 行.
NOTIC: [8] Undefined variable: addons G:\gx\weiphp3\Application\Common\Common\function.php 第 501 行.
NOTIC: [8] Undefined variable: addons G:\gx\weiphp3\Application\Common\Common\function.php 第 501 行.
NOTIC: [8] Undefined variable: addons G:\gx\weiphp3\Application\Common\Common\function.php 第 501 行.
NOTIC: [8] Undefined variable: addons G:\gx\weiphp3\Application\Common\Common\function.php 第 501 行.
NOTIC: [8] Undefined variable: addons G:\gx\weiphp3\Application\Common\Common\function.php 第 501 行.
NOTIC: [8] Undefined variable: addons G:\gx\weiphp3\Application\Common\Common\function.php 第 501 行.
NOTIC: [8] Undefined variable: addons G:\gx\weiphp3\Application\Common\Common\function.php 第 501 行.

[ 2015-11-26T13:25:57+08:00 ] 192.168.1.100 /weiphp3/index.php?s=/Home/Index/main/publicid/4.html
INFO: [ app_init ] --START--
INFO: Run Behavior\BuildLiteBehavior [ RunTime:0.000017s ]
INFO: Run Common\Behavior\InitHookBehavior [ RunTime:0.001860s ]
INFO: [ app_init ] --END-- [ RunTime:0.002298s ]
INFO: [ app_begin ] --START--
INFO: Run Behavior\ReadHtmlCacheBehavior [ RunTime:0.000477s ]
INFO: [ app_begin ] --END-- [ RunTime:0.000551s ]

[ 2015-11-26T13:25:57+08:00 ] 192.168.1.100 /weiphp3/index.php?s=/Home/PublicLink/lists/mp_id/4.html
INFO: [ app_init ] --START--
INFO: Run Behavior\BuildLiteBehavior [ RunTime:0.000017s ]
INFO: Run Common\Behavior\InitHookBehavior [ RunTime:0.001880s ]
INFO: [ app_init ] --END-- [ RunTime:0.002337s ]
INFO: [ app_begin ] --START--
INFO: Run Behavior\ReadHtmlCacheBehavior [ RunTime:0.000481s ]
INFO: [ app_begin ] --END-- [ RunTime:0.000556s ]

[ 2015-11-26T13:25:57+08:00 ] 192.168.1.100 /weiphp3/index.php
INFO: [ app_init ] --START--
INFO: Run Behavior\BuildLiteBehavior [ RunTime:0.000020s ]
INFO: Run Common\Behavior\InitHookBehavior [ RunTime:0.001800s ]
INFO: [ app_init ] --END-- [ RunTime:0.002230s ]
INFO: [ app_begin ] --START--
INFO: Run Behavior\ReadHtmlCacheBehavior [ RunTime:0.000459s ]
INFO: [ app_begin ] --END-- [ RunTime:0.000535s ]

