[ 2015-12-04T09:34:55+08:00 ] 192.168.1.100 /weiphp3/
INFO: [ app_init ] --START--
INFO: Run Behavior\BuildLiteBehavior [ RunTime:0.000024s ]
INFO: Run Common\Behavior\InitHookBehavior [ RunTime:0.035335s ]
INFO: [ app_init ] --END-- [ RunTime:0.037076s ]
INFO: [ app_begin ] --START--
INFO: Run Behavior\ReadHtmlCacheBehavior [ RunTime:0.001574s ]
INFO: [ app_begin ] --END-- [ RunTime:0.001655s ]
SQL: SELECT `value` FROM `wp_config` WHERE ( name="FOLLOW_YOUKE_UID" ) LIMIT 1   [ RunTime:0.0460s ]
SQL: UPDATE `wp_config` SET `value`='-17789' WHERE ( name="FOLLOW_YOUKE_UID" ) [ RunTime:0.0425s ]
NOTIC: [8] Undefined index: uid G:\gx\weiphp3\ThinkPHP\Library\Think\Controller.class.php 第 506 行.
SQL: SHOW COLUMNS FROM `wp_auth_group_access` [ RunTime:0.0445s ]
SQL: SELECT a.uid,a.group_id,g.title,g.rules FROM wp_auth_group_access a INNER JOIN wp_auth_group g on a.group_id=g.id  WHERE ( a.uid='-17789' and g.status='1' )  [ RunTime:0.0431s ]
SQL: SELECT `id`,`token` FROM `wp_public`  [ RunTime:0.0430s ]
NOTIC: [8] Undefined index: -1 G:\gx\weiphp3\Application\Common\Model\PublicModel.class.php 第 38 行.
NOTIC: [8] Undefined index: addon_status G:\gx\weiphp3\Application\Common\Model\AddonStatusModel.class.php 第 47 行.
NOTIC: [8] Undefined index: group_id G:\gx\weiphp3\Application\Common\Model\AddonStatusModel.class.php 第 50 行.
NOTIC: [8] Undefined variable: addons G:\gx\weiphp3\Application\Common\Common\function.php 第 501 行.
NOTIC: [8] Undefined variable: addons G:\gx\weiphp3\Application\Common\Common\function.php 第 501 行.
NOTIC: [8] Undefined variable: addons G:\gx\weiphp3\Application\Common\Common\function.php 第 501 行.
NOTIC: [8] Undefined variable: addons G:\gx\weiphp3\Application\Common\Common\function.php 第 501 行.
NOTIC: [8] Undefined variable: addons G:\gx\weiphp3\Application\Common\Common\function.php 第 501 行.
NOTIC: [8] Undefined variable: addons G:\gx\weiphp3\Application\Common\Common\function.php 第 501 行.
NOTIC: [8] Undefined variable: addons G:\gx\weiphp3\Application\Common\Common\function.php 第 501 行.
NOTIC: [8] Undefined variable: addons G:\gx\weiphp3\Application\Common\Common\function.php 第 501 行.
NOTIC: [8] Undefined variable: addons G:\gx\weiphp3\Application\Common\Common\function.php 第 501 行.
NOTIC: [8] Undefined variable: addons G:\gx\weiphp3\Application\Common\Common\function.php 第 501 行.
NOTIC: [8] Undefined variable: addons G:\gx\weiphp3\Application\Common\Common\function.php 第 501 行.
NOTIC: [8] Undefined variable: addons G:\gx\weiphp3\Application\Common\Common\function.php 第 501 行.
NOTIC: [8] Undefined variable: addons G:\gx\weiphp3\Application\Common\Common\function.php 第 501 行.
NOTIC: [8] Undefined variable: addons G:\gx\weiphp3\Application\Common\Common\function.php 第 501 行.
NOTIC: [8] Undefined variable: addons G:\gx\weiphp3\Application\Common\Common\function.php 第 501 行.
NOTIC: [8] Undefined variable: addons G:\gx\weiphp3\Application\Common\Common\function.php 第 501 行.
NOTIC: [8] Undefined variable: addons G:\gx\weiphp3\Application\Common\Common\function.php 第 501 行.
NOTIC: [8] Undefined variable: addons G:\gx\weiphp3\Application\Common\Common\function.php 第 501 行.
NOTIC: [8] Undefined variable: addons G:\gx\weiphp3\Application\Common\Common\function.php 第 501 行.
NOTIC: [8] Undefined variable: addons G:\gx\weiphp3\Application\Common\Common\function.php 第 501 行.
NOTIC: [8] Undefined variable: addons G:\gx\weiphp3\Application\Common\Common\function.php 第 501 行.
NOTIC: [8] Undefined variable: addons G:\gx\weiphp3\Application\Common\Common\function.php 第 501 行.
NOTIC: [8] Undefined variable: addons G:\gx\weiphp3\Application\Common\Common\function.php 第 501 行.
NOTIC: [8] Undefined variable: addons G:\gx\weiphp3\Application\Common\Common\function.php 第 501 行.
NOTIC: [8] Undefined variable: addons G:\gx\weiphp3\Application\Common\Common\function.php 第 501 行.
NOTIC: [8] Undefined variable: addons G:\gx\weiphp3\Application\Common\Common\function.php 第 501 行.
NOTIC: [8] Undefined variable: addons G:\gx\weiphp3\Application\Common\Common\function.php 第 501 行.
NOTIC: [8] Undefined variable: addons G:\gx\weiphp3\Application\Common\Common\function.php 第 501 行.
NOTIC: [8] Undefined variable: addons G:\gx\weiphp3\Application\Common\Common\function.php 第 501 行.
NOTIC: [8] Undefined variable: addons G:\gx\weiphp3\Application\Common\Common\function.php 第 501 行.
NOTIC: [8] Undefined variable: addons G:\gx\weiphp3\Application\Common\Common\function.php 第 501 行.
NOTIC: [8] Undefined variable: addons G:\gx\weiphp3\Application\Common\Common\function.php 第 501 行.
NOTIC: [8] Undefined variable: addons G:\gx\weiphp3\Application\Common\Common\function.php 第 501 行.
NOTIC: [8] Undefined variable: addons G:\gx\weiphp3\Application\Common\Common\function.php 第 501 行.
NOTIC: [8] Undefined variable: addons G:\gx\weiphp3\Application\Common\Common\function.php 第 501 行.
NOTIC: [8] Undefined variable: addons G:\gx\weiphp3\Application\Common\Common\function.php 第 501 行.
NOTIC: [8] Undefined variable: addons G:\gx\weiphp3\Application\Common\Common\function.php 第 501 行.
NOTIC: [8] Undefined variable: addons G:\gx\weiphp3\Application\Common\Common\function.php 第 501 行.
SQL: SELECT * FROM `wp_manager_menu` WHERE `uid` = 0 AND `is_hide` = 0 ORDER BY sort asc, id asc  [ RunTime:0.0442s ]
SQL: SELECT * FROM `wp_manager_menu` WHERE `uid` = 1 AND `is_hide` = 0 ORDER BY sort asc, id asc  [ RunTime:0.0461s ]
NOTIC: [8] Undefined variable: addons G:\gx\weiphp3\Application\Common\Common\function.php 第 501 行.
NOTIC: [8] Undefined variable: addons G:\gx\weiphp3\Application\Common\Common\function.php 第 501 行.
NOTIC: [8] Undefined variable: addons G:\gx\weiphp3\Application\Common\Common\function.php 第 501 行.
NOTIC: [8] Undefined variable: addons G:\gx\weiphp3\Application\Common\Common\function.php 第 501 行.
NOTIC: [8] Undefined variable: addons G:\gx\weiphp3\Application\Common\Common\function.php 第 501 行.
NOTIC: [8] Undefined variable: addons G:\gx\weiphp3\Application\Common\Common\function.php 第 501 行.
NOTIC: [8] Undefined variable: addons G:\gx\weiphp3\Application\Common\Common\function.php 第 501 行.
NOTIC: [8] Undefined variable: addons G:\gx\weiphp3\Application\Common\Common\function.php 第 501 行.
NOTIC: [8] Undefined variable: addons G:\gx\weiphp3\Application\Common\Common\function.php 第 501 行.
NOTIC: [8] Undefined variable: addons G:\gx\weiphp3\Application\Common\Common\function.php 第 501 行.
NOTIC: [8] Undefined variable: addons G:\gx\weiphp3\Application\Common\Common\function.php 第 501 行.
NOTIC: [8] Undefined variable: addons G:\gx\weiphp3\Application\Common\Common\function.php 第 501 行.
NOTIC: [8] Undefined variable: addons G:\gx\weiphp3\Application\Common\Common\function.php 第 501 行.
NOTIC: [8] Undefined variable: addons G:\gx\weiphp3\Application\Common\Common\function.php 第 501 行.
NOTIC: [8] Undefined variable: addons G:\gx\weiphp3\Application\Common\Common\function.php 第 501 行.
NOTIC: [8] Undefined variable: addons G:\gx\weiphp3\Application\Common\Common\function.php 第 501 行.
NOTIC: [8] Undefined index: 14 G:\gx\weiphp3\Application\Common\Model\ManagerMenuModel.class.php 第 94 行.
NOTIC: [8] Undefined index: 14 G:\gx\weiphp3\Application\Common\Model\ManagerMenuModel.class.php 第 104 行.
NOTIC: [8] Undefined index: 60 G:\gx\weiphp3\Application\Common\Model\ManagerMenuModel.class.php 第 94 行.
NOTIC: [8] Undefined index: 60 G:\gx\weiphp3\Application\Common\Model\ManagerMenuModel.class.php 第 104 行.
NOTIC: [8] Undefined variable: addons G:\gx\weiphp3\Application\Common\Common\function.php 第 501 行.
NOTIC: [8] Undefined index: HTTP_REFERER G:\gx\weiphp3\Application\Common\Model\ManagerMenuModel.class.php 第 127 行.
NOTIC: [8] Undefined index: side G:\gx\weiphp3\Application\Common\Model\ManagerMenuModel.class.php 第 167 行.
NOTIC: [8] Undefined index: side G:\gx\weiphp3\Application\Common\Model\ManagerMenuModel.class.php 第 167 行.
NOTIC: [8] Undefined index: side G:\gx\weiphp3\Application\Common\Model\ManagerMenuModel.class.php 第 167 行.
NOTIC: [8] Undefined index: side G:\gx\weiphp3\Application\Common\Model\ManagerMenuModel.class.php 第 167 行.
NOTIC: [8] Undefined index: side G:\gx\weiphp3\Application\Common\Model\ManagerMenuModel.class.php 第 167 行.
NOTIC: [8] Undefined index: side G:\gx\weiphp3\Application\Common\Model\ManagerMenuModel.class.php 第 167 行.
NOTIC: [8] Undefined index: side G:\gx\weiphp3\Application\Common\Model\ManagerMenuModel.class.php 第 167 行.
NOTIC: [8] Undefined index: side G:\gx\weiphp3\Application\Common\Model\ManagerMenuModel.class.php 第 167 行.
NOTIC: [8] Undefined index: side G:\gx\weiphp3\Application\Common\Model\ManagerMenuModel.class.php 第 167 行.
NOTIC: [8] Undefined index: side G:\gx\weiphp3\Application\Common\Model\ManagerMenuModel.class.php 第 167 行.
NOTIC: [8] Undefined index: side G:\gx\weiphp3\Application\Common\Model\ManagerMenuModel.class.php 第 167 行.
NOTIC: [8] Undefined index: side G:\gx\weiphp3\Application\Common\Model\ManagerMenuModel.class.php 第 167 行.
NOTIC: [8] Undefined index: side G:\gx\weiphp3\Application\Common\Model\ManagerMenuModel.class.php 第 167 行.
NOTIC: [8] Undefined index: side G:\gx\weiphp3\Application\Common\Model\ManagerMenuModel.class.php 第 167 行.
NOTIC: [8] Undefined index: side G:\gx\weiphp3\Application\Common\Model\ManagerMenuModel.class.php 第 167 行.
NOTIC: [8] Undefined index: side G:\gx\weiphp3\Application\Common\Model\ManagerMenuModel.class.php 第 167 行.
NOTIC: [8] Undefined index: side G:\gx\weiphp3\Application\Common\Model\ManagerMenuModel.class.php 第 167 行.
NOTIC: [8] Undefined index: side G:\gx\weiphp3\Application\Common\Model\ManagerMenuModel.class.php 第 167 行.
NOTIC: [8] Undefined index: side G:\gx\weiphp3\Application\Common\Model\ManagerMenuModel.class.php 第 167 行.
NOTIC: [8] Undefined index: side G:\gx\weiphp3\Application\Common\Model\ManagerMenuModel.class.php 第 167 行.
NOTIC: [8] Undefined index: side G:\gx\weiphp3\Application\Common\Model\ManagerMenuModel.class.php 第 167 行.
NOTIC: [8] Undefined index: side G:\gx\weiphp3\Application\Common\Model\ManagerMenuModel.class.php 第 167 行.
NOTIC: [8] Undefined index: side G:\gx\weiphp3\Application\Common\Model\ManagerMenuModel.class.php 第 167 行.
NOTIC: [8] Undefined index: side G:\gx\weiphp3\Application\Common\Model\ManagerMenuModel.class.php 第 167 行.
NOTIC: [8] Undefined index: side G:\gx\weiphp3\Application\Common\Model\ManagerMenuModel.class.php 第 167 行.
NOTIC: [8] Undefined index: side G:\gx\weiphp3\Application\Common\Model\ManagerMenuModel.class.php 第 167 行.
NOTIC: [8] Undefined index: side G:\gx\weiphp3\Application\Common\Model\ManagerMenuModel.class.php 第 167 行.
NOTIC: [8] Undefined index: side G:\gx\weiphp3\Application\Common\Model\ManagerMenuModel.class.php 第 167 行.
NOTIC: [8] Undefined index: side G:\gx\weiphp3\Application\Common\Model\ManagerMenuModel.class.php 第 167 行.
NOTIC: [8] Undefined index: side G:\gx\weiphp3\Application\Common\Model\ManagerMenuModel.class.php 第 167 行.
NOTIC: [8] Undefined index: side G:\gx\weiphp3\Application\Common\Model\ManagerMenuModel.class.php 第 167 行.
NOTIC: [8] Undefined index: side G:\gx\weiphp3\Application\Common\Model\ManagerMenuModel.class.php 第 167 行.
NOTIC: [8] Undefined index: side G:\gx\weiphp3\Application\Common\Model\ManagerMenuModel.class.php 第 167 行.
NOTIC: [8] Undefined index: side G:\gx\weiphp3\Application\Common\Model\ManagerMenuModel.class.php 第 167 行.
NOTIC: [8] Undefined index: side G:\gx\weiphp3\Application\Common\Model\ManagerMenuModel.class.php 第 167 行.
NOTIC: [8] Undefined index: side G:\gx\weiphp3\Application\Common\Model\ManagerMenuModel.class.php 第 167 行.
NOTIC: [8] Undefined index: side G:\gx\weiphp3\Application\Common\Model\ManagerMenuModel.class.php 第 167 行.
NOTIC: [8] Undefined index: side G:\gx\weiphp3\Application\Common\Model\ManagerMenuModel.class.php 第 167 行.
NOTIC: [8] Undefined index: side G:\gx\weiphp3\Application\Common\Model\ManagerMenuModel.class.php 第 167 行.
NOTIC: [8] Undefined index: side G:\gx\weiphp3\Application\Common\Model\ManagerMenuModel.class.php 第 167 行.
NOTIC: [8] Undefined index: side G:\gx\weiphp3\Application\Common\Model\ManagerMenuModel.class.php 第 167 行.
NOTIC: [8] Undefined index: side G:\gx\weiphp3\Application\Common\Model\ManagerMenuModel.class.php 第 167 行.
NOTIC: [8] Undefined index: side G:\gx\weiphp3\Application\Common\Model\ManagerMenuModel.class.php 第 167 行.
NOTIC: [8] Undefined index: side G:\gx\weiphp3\Application\Common\Model\ManagerMenuModel.class.php 第 167 行.
NOTIC: [8] Undefined offset: 14 G:\gx\weiphp3\Application\Common\Model\ManagerMenuModel.class.php 第 173 行.
SQL: SELECT * FROM `wp_public_link` WHERE `uid` = 0  [ RunTime:0.2968s ]
NOTIC: [2] Invalid argument supplied for foreach() G:\gx\weiphp3\Application\Common\Model\PublicModel.class.php 第 46 行.
NOTIC: [8] Undefined variable: res G:\gx\weiphp3\Application\Common\Model\PublicModel.class.php 第 50 行.

[ 2015-12-04T09:34:56+08:00 ] 192.168.1.100 /weiphp3/index.php?s=/Home/User/login/from/1.html
INFO: [ app_init ] --START--
INFO: Run Behavior\BuildLiteBehavior [ RunTime:0.000019s ]
INFO: Run Common\Behavior\InitHookBehavior [ RunTime:0.002145s ]
INFO: [ app_init ] --END-- [ RunTime:0.002619s ]
INFO: [ app_begin ] --START--
INFO: Run Behavior\ReadHtmlCacheBehavior [ RunTime:0.000567s ]
INFO: [ app_begin ] --END-- [ RunTime:0.000648s ]
NOTIC: [8] Undefined index: uid G:\gx\weiphp3\ThinkPHP\Library\Think\Controller.class.php 第 506 行.
SQL: SHOW COLUMNS FROM `wp_auth_group_access` [ RunTime:0.0388s ]
SQL: SELECT a.uid,a.group_id,g.title,g.rules FROM wp_auth_group_access a INNER JOIN wp_auth_group g on a.group_id=g.id  WHERE ( a.uid='-17789' and g.status='1' )  [ RunTime:0.0377s ]
SQL: SELECT `id`,`token` FROM `wp_public`  [ RunTime:0.0522s ]
NOTIC: [8] Undefined index: -1 G:\gx\weiphp3\Application\Common\Model\PublicModel.class.php 第 38 行.
NOTIC: [8] Undefined index: addon_status G:\gx\weiphp3\Application\Common\Model\AddonStatusModel.class.php 第 47 行.
NOTIC: [8] Undefined index: group_id G:\gx\weiphp3\Application\Common\Model\AddonStatusModel.class.php 第 50 行.
NOTIC: [8] Undefined variable: addons G:\gx\weiphp3\Application\Common\Common\function.php 第 501 行.
NOTIC: [8] Undefined variable: addons G:\gx\weiphp3\Application\Common\Common\function.php 第 501 行.
NOTIC: [8] Undefined variable: addons G:\gx\weiphp3\Application\Common\Common\function.php 第 501 行.
NOTIC: [8] Undefined variable: addons G:\gx\weiphp3\Application\Common\Common\function.php 第 501 行.
NOTIC: [8] Undefined variable: addons G:\gx\weiphp3\Application\Common\Common\function.php 第 501 行.
NOTIC: [8] Undefined variable: addons G:\gx\weiphp3\Application\Common\Common\function.php 第 501 行.
NOTIC: [8] Undefined variable: addons G:\gx\weiphp3\Application\Common\Common\function.php 第 501 行.
NOTIC: [8] Undefined variable: addons G:\gx\weiphp3\Application\Common\Common\function.php 第 501 行.
NOTIC: [8] Undefined variable: addons G:\gx\weiphp3\Application\Common\Common\function.php 第 501 行.
NOTIC: [8] Undefined variable: addons G:\gx\weiphp3\Application\Common\Common\function.php 第 501 行.
NOTIC: [8] Undefined variable: addons G:\gx\weiphp3\Application\Common\Common\function.php 第 501 行.
NOTIC: [8] Undefined variable: addons G:\gx\weiphp3\Application\Common\Common\function.php 第 501 行.
NOTIC: [8] Undefined variable: addons G:\gx\weiphp3\Application\Common\Common\function.php 第 501 行.
NOTIC: [8] Undefined variable: addons G:\gx\weiphp3\Application\Common\Common\function.php 第 501 行.
NOTIC: [8] Undefined variable: addons G:\gx\weiphp3\Application\Common\Common\function.php 第 501 行.
NOTIC: [8] Undefined variable: addons G:\gx\weiphp3\Application\Common\Common\function.php 第 501 行.
NOTIC: [8] Undefined variable: addons G:\gx\weiphp3\Application\Common\Common\function.php 第 501 行.
NOTIC: [8] Undefined variable: addons G:\gx\weiphp3\Application\Common\Common\function.php 第 501 行.
NOTIC: [8] Undefined variable: addons G:\gx\weiphp3\Application\Common\Common\function.php 第 501 行.
NOTIC: [8] Undefined variable: addons G:\gx\weiphp3\Application\Common\Common\function.php 第 501 行.
NOTIC: [8] Undefined variable: addons G:\gx\weiphp3\Application\Common\Common\function.php 第 501 行.
NOTIC: [8] Undefined variable: addons G:\gx\weiphp3\Application\Common\Common\function.php 第 501 行.
NOTIC: [8] Undefined variable: addons G:\gx\weiphp3\Application\Common\Common\function.php 第 501 行.
NOTIC: [8] Undefined variable: addons G:\gx\weiphp3\Application\Common\Common\function.php 第 501 行.
NOTIC: [8] Undefined variable: addons G:\gx\weiphp3\Application\Common\Common\function.php 第 501 行.
NOTIC: [8] Undefined variable: addons G:\gx\weiphp3\Application\Common\Common\function.php 第 501 行.
NOTIC: [8] Undefined variable: addons G:\gx\weiphp3\Application\Common\Common\function.php 第 501 行.
NOTIC: [8] Undefined variable: addons G:\gx\weiphp3\Application\Common\Common\function.php 第 501 行.
NOTIC: [8] Undefined variable: addons G:\gx\weiphp3\Application\Common\Common\function.php 第 501 行.
NOTIC: [8] Undefined variable: addons G:\gx\weiphp3\Application\Common\Common\function.php 第 501 行.
NOTIC: [8] Undefined variable: addons G:\gx\weiphp3\Application\Common\Common\function.php 第 501 行.
NOTIC: [8] Undefined variable: addons G:\gx\weiphp3\Application\Common\Common\function.php 第 501 行.
NOTIC: [8] Undefined variable: addons G:\gx\weiphp3\Application\Common\Common\function.php 第 501 行.
NOTIC: [8] Undefined variable: addons G:\gx\weiphp3\Application\Common\Common\function.php 第 501 行.
NOTIC: [8] Undefined variable: addons G:\gx\weiphp3\Application\Common\Common\function.php 第 501 行.
NOTIC: [8] Undefined variable: addons G:\gx\weiphp3\Application\Common\Common\function.php 第 501 行.
NOTIC: [8] Undefined variable: addons G:\gx\weiphp3\Application\Common\Common\function.php 第 501 行.
NOTIC: [8] Undefined variable: addons G:\gx\weiphp3\Application\Common\Common\function.php 第 501 行.
SQL: SELECT * FROM `wp_manager_menu` WHERE `uid` = -17789 AND `is_hide` = 0 ORDER BY sort asc, id asc  [ RunTime:0.0380s ]
SQL: SELECT * FROM `wp_manager_menu` WHERE `uid` = 1 AND `is_hide` = 0 ORDER BY sort asc, id asc  [ RunTime:0.0392s ]
NOTIC: [8] Undefined variable: addons G:\gx\weiphp3\Application\Common\Common\function.php 第 501 行.
NOTIC: [8] Undefined variable: addons G:\gx\weiphp3\Application\Common\Common\function.php 第 501 行.
NOTIC: [8] Undefined variable: addons G:\gx\weiphp3\Application\Common\Common\function.php 第 501 行.
NOTIC: [8] Undefined variable: addons G:\gx\weiphp3\Application\Common\Common\function.php 第 501 行.
NOTIC: [8] Undefined variable: addons G:\gx\weiphp3\Application\Common\Common\function.php 第 501 行.
NOTIC: [8] Undefined variable: addons G:\gx\weiphp3\Application\Common\Common\function.php 第 501 行.
NOTIC: [8] Undefined variable: addons G:\gx\weiphp3\Application\Common\Common\function.php 第 501 行.
NOTIC: [8] Undefined variable: addons G:\gx\weiphp3\Application\Common\Common\function.php 第 501 行.
NOTIC: [8] Undefined variable: addons G:\gx\weiphp3\Application\Common\Common\function.php 第 501 行.
NOTIC: [8] Undefined variable: addons G:\gx\weiphp3\Application\Common\Common\function.php 第 501 行.
NOTIC: [8] Undefined variable: addons G:\gx\weiphp3\Application\Common\Common\function.php 第 501 行.
NOTIC: [8] Undefined variable: addons G:\gx\weiphp3\Application\Common\Common\function.php 第 501 行.
NOTIC: [8] Undefined variable: addons G:\gx\weiphp3\Application\Common\Common\function.php 第 501 行.
NOTIC: [8] Undefined variable: addons G:\gx\weiphp3\Application\Common\Common\function.php 第 501 行.
NOTIC: [8] Undefined variable: addons G:\gx\weiphp3\Application\Common\Common\function.php 第 501 行.
NOTIC: [8] Undefined variable: addons G:\gx\weiphp3\Application\Common\Common\function.php 第 501 行.
NOTIC: [8] Undefined index: 14 G:\gx\weiphp3\Application\Common\Model\ManagerMenuModel.class.php 第 94 行.
NOTIC: [8] Undefined index: 14 G:\gx\weiphp3\Application\Common\Model\ManagerMenuModel.class.php 第 104 行.
NOTIC: [8] Undefined index: 60 G:\gx\weiphp3\Application\Common\Model\ManagerMenuModel.class.php 第 94 行.
NOTIC: [8] Undefined index: 60 G:\gx\weiphp3\Application\Common\Model\ManagerMenuModel.class.php 第 104 行.
NOTIC: [8] Undefined variable: addons G:\gx\weiphp3\Application\Common\Common\function.php 第 501 行.
NOTIC: [8] Undefined index: HTTP_REFERER G:\gx\weiphp3\Application\Common\Model\ManagerMenuModel.class.php 第 127 行.
NOTIC: [8] Undefined index: side G:\gx\weiphp3\Application\Common\Model\ManagerMenuModel.class.php 第 167 行.
NOTIC: [8] Undefined index: side G:\gx\weiphp3\Application\Common\Model\ManagerMenuModel.class.php 第 167 行.
NOTIC: [8] Undefined index: side G:\gx\weiphp3\Application\Common\Model\ManagerMenuModel.class.php 第 167 行.
NOTIC: [8] Undefined index: side G:\gx\weiphp3\Application\Common\Model\ManagerMenuModel.class.php 第 167 行.
NOTIC: [8] Undefined index: side G:\gx\weiphp3\Application\Common\Model\ManagerMenuModel.class.php 第 167 行.
NOTIC: [8] Undefined index: side G:\gx\weiphp3\Application\Common\Model\ManagerMenuModel.class.php 第 167 行.
NOTIC: [8] Undefined index: side G:\gx\weiphp3\Application\Common\Model\ManagerMenuModel.class.php 第 167 行.
NOTIC: [8] Undefined index: side G:\gx\weiphp3\Application\Common\Model\ManagerMenuModel.class.php 第 167 行.
NOTIC: [8] Undefined index: side G:\gx\weiphp3\Application\Common\Model\ManagerMenuModel.class.php 第 167 行.
NOTIC: [8] Undefined index: side G:\gx\weiphp3\Application\Common\Model\ManagerMenuModel.class.php 第 167 行.
NOTIC: [8] Undefined index: side G:\gx\weiphp3\Application\Common\Model\ManagerMenuModel.class.php 第 167 行.
NOTIC: [8] Undefined index: side G:\gx\weiphp3\Application\Common\Model\ManagerMenuModel.class.php 第 167 行.
NOTIC: [8] Undefined index: side G:\gx\weiphp3\Application\Common\Model\ManagerMenuModel.class.php 第 167 行.
NOTIC: [8] Undefined index: side G:\gx\weiphp3\Application\Common\Model\ManagerMenuModel.class.php 第 167 行.
NOTIC: [8] Undefined index: side G:\gx\weiphp3\Application\Common\Model\ManagerMenuModel.class.php 第 167 行.
NOTIC: [8] Undefined index: side G:\gx\weiphp3\Application\Common\Model\ManagerMenuModel.class.php 第 167 行.
NOTIC: [8] Undefined index: side G:\gx\weiphp3\Application\Common\Model\ManagerMenuModel.class.php 第 167 行.
NOTIC: [8] Undefined index: side G:\gx\weiphp3\Application\Common\Model\ManagerMenuModel.class.php 第 167 行.
NOTIC: [8] Undefined index: side G:\gx\weiphp3\Application\Common\Model\ManagerMenuModel.class.php 第 167 行.
NOTIC: [8] Undefined index: side G:\gx\weiphp3\Application\Common\Model\ManagerMenuModel.class.php 第 167 行.
NOTIC: [8] Undefined index: side G:\gx\weiphp3\Application\Common\Model\ManagerMenuModel.class.php 第 167 行.
NOTIC: [8] Undefined index: side G:\gx\weiphp3\Application\Common\Model\ManagerMenuModel.class.php 第 167 行.
NOTIC: [8] Undefined index: side G:\gx\weiphp3\Application\Common\Model\ManagerMenuModel.class.php 第 167 行.
NOTIC: [8] Undefined index: side G:\gx\weiphp3\Application\Common\Model\ManagerMenuModel.class.php 第 167 行.
NOTIC: [8] Undefined index: side G:\gx\weiphp3\Application\Common\Model\ManagerMenuModel.class.php 第 167 行.
NOTIC: [8] Undefined index: side G:\gx\weiphp3\Application\Common\Model\ManagerMenuModel.class.php 第 167 行.
NOTIC: [8] Undefined index: side G:\gx\weiphp3\Application\Common\Model\ManagerMenuModel.class.php 第 167 行.
NOTIC: [8] Undefined index: side G:\gx\weiphp3\Application\Common\Model\ManagerMenuModel.class.php 第 167 行.
NOTIC: [8] Undefined index: side G:\gx\weiphp3\Application\Common\Model\ManagerMenuModel.class.php 第 167 行.
NOTIC: [8] Undefined index: side G:\gx\weiphp3\Application\Common\Model\ManagerMenuModel.class.php 第 167 行.
NOTIC: [8] Undefined index: side G:\gx\weiphp3\Application\Common\Model\ManagerMenuModel.class.php 第 167 行.
NOTIC: [8] Undefined index: side G:\gx\weiphp3\Application\Common\Model\ManagerMenuModel.class.php 第 167 行.
NOTIC: [8] Undefined index: side G:\gx\weiphp3\Application\Common\Model\ManagerMenuModel.class.php 第 167 行.
NOTIC: [8] Undefined index: side G:\gx\weiphp3\Application\Common\Model\ManagerMenuModel.class.php 第 167 行.
NOTIC: [8] Undefined index: side G:\gx\weiphp3\Application\Common\Model\ManagerMenuModel.class.php 第 167 行.
NOTIC: [8] Undefined index: side G:\gx\weiphp3\Application\Common\Model\ManagerMenuModel.class.php 第 167 行.
NOTIC: [8] Undefined index: side G:\gx\weiphp3\Application\Common\Model\ManagerMenuModel.class.php 第 167 行.
NOTIC: [8] Undefined index: side G:\gx\weiphp3\Application\Common\Model\ManagerMenuModel.class.php 第 167 行.
NOTIC: [8] Undefined index: side G:\gx\weiphp3\Application\Common\Model\ManagerMenuModel.class.php 第 167 行.
NOTIC: [8] Undefined index: side G:\gx\weiphp3\Application\Common\Model\ManagerMenuModel.class.php 第 167 行.
NOTIC: [8] Undefined index: side G:\gx\weiphp3\Application\Common\Model\ManagerMenuModel.class.php 第 167 行.
NOTIC: [8] Undefined index: side G:\gx\weiphp3\Application\Common\Model\ManagerMenuModel.class.php 第 167 行.
NOTIC: [8] Undefined index: side G:\gx\weiphp3\Application\Common\Model\ManagerMenuModel.class.php 第 167 行.
NOTIC: [8] Undefined index: side G:\gx\weiphp3\Application\Common\Model\ManagerMenuModel.class.php 第 167 行.
NOTIC: [8] Undefined offset: 14 G:\gx\weiphp3\Application\Common\Model\ManagerMenuModel.class.php 第 173 行.
SQL: SELECT * FROM `wp_public_link` WHERE `uid` = -17789  [ RunTime:0.0377s ]
NOTIC: [2] Invalid argument supplied for foreach() G:\gx\weiphp3\Application\Common\Model\PublicModel.class.php 第 46 行.
NOTIC: [8] Undefined variable: res G:\gx\weiphp3\Application\Common\Model\PublicModel.class.php 第 50 行.
INFO: [ view_parse ] --START--
INFO: [ template_filter ] --START--
INFO: Run Behavior\ContentReplaceBehavior [ RunTime:0.000174s ]
INFO: [ template_filter ] --END-- [ RunTime:0.000268s ]
INFO: Run Behavior\ParseTemplateBehavior [ RunTime:0.038733s ]
INFO: [ view_parse ] --END-- [ RunTime:0.038922s ]
INFO: [ view_filter ] --START--
INFO: Run Behavior\WriteHtmlCacheBehavior [ RunTime:0.001224s ]
INFO: [ view_filter ] --END-- [ RunTime:0.001302s ]
INFO: [ app_end ] --START--
INFO: Run Behavior\ShowPageTraceBehavior [ RunTime:0.001335s ]
INFO: Run Behavior\CronRunBehavior [ RunTime:0.002215s ]
INFO: [ app_end ] --END-- [ RunTime:0.003695s ]

[ 2015-12-04T09:35:10+08:00 ] 192.168.1.100 /weiphp3/index.php?s=/Home/User/login/from/1.html
INFO: [ app_init ] --START--
INFO: Run Behavior\BuildLiteBehavior [ RunTime:0.000020s ]
INFO: Run Common\Behavior\InitHookBehavior [ RunTime:0.002518s ]
INFO: [ app_init ] --END-- [ RunTime:0.002970s ]
INFO: [ app_begin ] --START--
INFO: Run Behavior\ReadHtmlCacheBehavior [ RunTime:0.000564s ]
INFO: [ app_begin ] --END-- [ RunTime:0.000635s ]
NOTIC: [8] Undefined index: uid G:\gx\weiphp3\ThinkPHP\Library\Think\Controller.class.php 第 506 行.
SQL: SELECT `uid`,`nickname`,`password`,`truename`,`mobile`,`email`,`sex`,`headimgurl`,`city`,`province`,`country`,`language`,`score`,`experience`,`unionid`,`login_count`,`reg_ip`,`reg_time`,`last_login_ip`,`last_login_time`,`status`,`is_init`,`is_audit`,`subscribe_time`,`remark`,`groupid`,`come_from`,`login_name`,`login_password`,`manager_id`,`level`,`membership` FROM `wp_user` WHERE `login_name` = 'admin' LIMIT 1   [ RunTime:0.0423s ]

[ 2015-12-04T09:35:50+08:00 ] 192.168.1.100 /weiphp3/index.php?s=/Home/User/login/from/1.html
INFO: [ app_init ] --START--
INFO: Run Behavior\BuildLiteBehavior [ RunTime:0.000018s ]
INFO: Run Common\Behavior\InitHookBehavior [ RunTime:0.001382s ]
INFO: [ app_init ] --END-- [ RunTime:0.001745s ]
INFO: [ app_begin ] --START--
INFO: Run Behavior\ReadHtmlCacheBehavior [ RunTime:0.000359s ]
INFO: [ app_begin ] --END-- [ RunTime:0.000426s ]
NOTIC: [8] Undefined index: uid G:\gx\weiphp3\ThinkPHP\Library\Think\Controller.class.php 第 506 行.
SQL: SELECT `uid`,`nickname`,`password`,`truename`,`mobile`,`email`,`sex`,`headimgurl`,`city`,`province`,`country`,`language`,`score`,`experience`,`unionid`,`login_count`,`reg_ip`,`reg_time`,`last_login_ip`,`last_login_time`,`status`,`is_init`,`is_audit`,`subscribe_time`,`remark`,`groupid`,`come_from`,`login_name`,`login_password`,`manager_id`,`level`,`membership` FROM `wp_user` WHERE `login_name` = 'admin' LIMIT 1   [ RunTime:0.0395s ]

[ 2015-12-04T09:35:55+08:00 ] 192.168.1.100 /weiphp3/index.php?s=/Home/User/login/from/1.html
INFO: [ app_init ] --START--
INFO: Run Behavior\BuildLiteBehavior [ RunTime:0.000020s ]
INFO: Run Common\Behavior\InitHookBehavior [ RunTime:0.001433s ]
INFO: [ app_init ] --END-- [ RunTime:0.001805s ]
INFO: [ app_begin ] --START--
INFO: Run Behavior\ReadHtmlCacheBehavior [ RunTime:0.000409s ]
INFO: [ app_begin ] --END-- [ RunTime:0.000474s ]
NOTIC: [8] Undefined index: uid G:\gx\weiphp3\ThinkPHP\Library\Think\Controller.class.php 第 506 行.
SQL: SELECT `uid`,`nickname`,`password`,`truename`,`mobile`,`email`,`sex`,`headimgurl`,`city`,`province`,`country`,`language`,`score`,`experience`,`unionid`,`login_count`,`reg_ip`,`reg_time`,`last_login_ip`,`last_login_time`,`status`,`is_init`,`is_audit`,`subscribe_time`,`remark`,`groupid`,`come_from`,`login_name`,`login_password`,`manager_id`,`level`,`membership` FROM `wp_user` WHERE `login_name` = 'admin' LIMIT 1   [ RunTime:0.0419s ]

[ 2015-12-04T09:36:06+08:00 ] 192.168.1.100 /weiphp3/index.php?s=/Home/User/login/from/1.html
INFO: [ app_init ] --START--
INFO: Run Behavior\BuildLiteBehavior [ RunTime:0.000020s ]
INFO: Run Common\Behavior\InitHookBehavior [ RunTime:0.001397s ]
INFO: [ app_init ] --END-- [ RunTime:0.001769s ]
INFO: [ app_begin ] --START--
INFO: Run Behavior\ReadHtmlCacheBehavior [ RunTime:0.000364s ]
INFO: [ app_begin ] --END-- [ RunTime:0.000430s ]
NOTIC: [8] Undefined index: uid G:\gx\weiphp3\ThinkPHP\Library\Think\Controller.class.php 第 506 行.
SQL: SELECT `uid`,`nickname`,`password`,`truename`,`mobile`,`email`,`sex`,`headimgurl`,`city`,`province`,`country`,`language`,`score`,`experience`,`unionid`,`login_count`,`reg_ip`,`reg_time`,`last_login_ip`,`last_login_time`,`status`,`is_init`,`is_audit`,`subscribe_time`,`remark`,`groupid`,`come_from`,`login_name`,`login_password`,`manager_id`,`level`,`membership` FROM `wp_user` WHERE `login_name` = 'admin' LIMIT 1   [ RunTime:0.2804s ]

