[2015-03-06 15:10:59][error] [,file:D:\PHP100.COM\WxpayAPI\native_notify.php,line:58,function:ERROR,file:D:\PHP100.COM\WxpayAPI\native_notify.php,line:73,function:main]begin call back!
[2015-03-06 15:10:59][debug] <openid><![CDATA[oHZx6uMbIG46UXQ3SKxVYEgw1LZs]]></openid>
		<mch_id><![CDATA[1225312702]]></mch_id>
		<is_subscribe><![CDATA[Y]]></is_subscribe>
		<nonce_str><![CDATA[npaCIV0kusU87Yrv]]></nonce_str>
		<product_id><![CDATA[123456789]]></product_id>
		<sign><![CDATA[58242C761FC3D70894EB37F87AA642DA]]></sign>
		</xml>
[2015-03-06 15:10:59][error] [,file:D:\PHP100.COM\WxpayAPI\native_notify.php,line:37,function:ERROR,function:callBackFunction,file:D:\PHP100.COM\WxpayAPI\lib\WxPay.Api.php,line:405,function:call_user_func,file:D:\PHP100.COM\WxpayAPI\native_notify.php,line:67,function:notify,file:D:\PHP100.COM\WxpayAPI\native_notify.php,line:73,function:main]in call back
[2015-03-06 15:10:59][error] [,file:D:\PHP100.COM\WxpayAPI\native_notify.php,line:40,function:ERROR,function:callBackFunction,file:D:\PHP100.COM\WxpayAPI\lib\WxPay.Api.php,line:405,function:call_user_func,file:D:\PHP100.COM\WxpayAPI\native_notify.php,line:67,function:notify,file:D:\PHP100.COM\WxpayAPI\native_notify.php,line:73,function:main]false
[2015-03-06 15:11:00][error] [,file:D:\PHP100.COM\WxpayAPI\native_notify.php,line:42,function:ERROR,function:callBackFunction,file:D:\PHP100.COM\WxpayAPI\lib\WxPay.Api.php,line:405,function:call_user_func,file:D:\PHP100.COM\WxpayAPI\native_notify.php,line:67,function:notify,file:D:\PHP100.COM\WxpayAPI\native_notify.php,line:73,function:main]{"appid":"wx426b3015555a46be","code_url":"weixin:\/\/wxpay\/bizpayurl?pr=TouTcET","mch_id":"1225312702","nonce_str":"tnz1QeMZBnHw2VHo","prepay_id":"wx201503061510590df8e0ab630872226330","result_code":"SUCCESS","return_code":"SUCCESS","return_msg":"OK","sign":"8E336164BA3660B4CE3B2FEE5628A954","trade_type":"NATIVE"}
[2015-03-06 15:11:00][error] [,file:D:\PHP100.COM\WxpayAPI\native_notify.php,line:53,function:ERROR,function:callBackFunction,file:D:\PHP100.COM\WxpayAPI\lib\WxPay.Api.php,line:405,function:call_user_func,file:D:\PHP100.COM\WxpayAPI\native_notify.php,line:67,function:notify,file:D:\PHP100.COM\WxpayAPI\native_notify.php,line:73,function:main]{"return_code":"SUCCESS","return_msg":"OK","appid":"wx426b3015555a46be","mch_id":"1225312702","nonce_str":"kb6wr7od4ksejqxoh30hcyjdst38sj9d","prepay_id":"wx201503061510590df8e0ab630872226330","result_code":"SUCCESS","err_code_des":"OK"}
[2015-03-06 15:11:00][debug] <xml><appid><![CDATA[wx426b3015555a46be]]></appid><err_code_des><![CDATA[OK]]></err_code_des><mch_id>1225312702</mch_id><nonce_str><![CDATA[kb6wr7od4ksejqxoh30hcyjdst38sj9d]]></nonce_str><prepay_id><![CDATA[wx201503061510590df8e0ab630872226330]]></prepay_id><result_code><![CDATA[SUCCESS]]></result_code><return_code><![CDATA[SUCCESS]]></return_code><return_msg><![CDATA[OK]]></return_msg><sign><![CDATA[84A268E9CFE4730075424DD243E5374A]]></sign></xml>
[2015-03-06 15:11:50][error] [,file:D:\PHP100.COM\WxpayAPI\native_notify.php,line:58,function:ERROR,file:D:\PHP100.COM\WxpayAPI\native_notify.php,line:74,function:main]begin call back!
[2015-03-06 15:11:50][debug] <xml><appid><![CDATA[wx426b3015555a46be]]></appid>
		<openid><![CDATA[oHZx6uMbIG46UXQ3SKxVYEgw1LZs]]></openid>
		<mch_id><![CDATA[1225312702]]></mch_id>
		<is_subscribe><![CDATA[Y]]></is_subscribe>
		<nonce_str><![CDATA[npaCIV0kusU87Yrv]]></nonce_str>
		<product_id><![CDATA[123456789]]></product_id>
		<sign><![CDATA[58242C761FC3D70894EB37F87AA642DA]]></sign>
		</xml>
[2015-03-06 15:11:50][error] [,file:D:\PHP100.COM\WxpayAPI\native_notify.php,line:37,function:ERROR,function:callBackFunction,file:D:\PHP100.COM\WxpayAPI\lib\WxPay.Api.php,line:405,function:call_user_func,file:D:\PHP100.COM\WxpayAPI\native_notify.php,line:68,function:notify,file:D:\PHP100.COM\WxpayAPI\native_notify.php,line:74,function:main]in call back
[2015-03-06 15:11:50][error] [,file:D:\PHP100.COM\WxpayAPI\native_notify.php,line:40,function:ERROR,function:callBackFunction,file:D:\PHP100.COM\WxpayAPI\lib\WxPay.Api.php,line:405,function:call_user_func,file:D:\PHP100.COM\WxpayAPI\native_notify.php,line:68,function:notify,file:D:\PHP100.COM\WxpayAPI\native_notify.php,line:74,function:main]{"appid":"wx426b3015555a46be","is_subscribe":"Y","mch_id":"1225312702","nonce_str":"npaCIV0kusU87Yrv","openid":"oHZx6uMbIG46UXQ3SKxVYEgw1LZs","product_id":"123456789","sign":"58242C761FC3D70894EB37F87AA642DA"}
[2015-03-06 15:11:51][error] [,file:D:\PHP100.COM\WxpayAPI\native_notify.php,line:42,function:ERROR,function:callBackFunction,file:D:\PHP100.COM\WxpayAPI\lib\WxPay.Api.php,line:405,function:call_user_func,file:D:\PHP100.COM\WxpayAPI\native_notify.php,line:68,function:notify,file:D:\PHP100.COM\WxpayAPI\native_notify.php,line:74,function:main]{"appid":"wx426b3015555a46be","code_url":"weixin:\/\/wxpay\/bizpayurl?pr=dhoUGr9","mch_id":"1225312702","nonce_str":"Dw7XBcK4IMGHmcCa","prepay_id":"wx2015030615115035f09af0480370841922","result_code":"SUCCESS","return_code":"SUCCESS","return_msg":"OK","sign":"1E0EEFB7FC46ED00DF8CE8C63E30D451","trade_type":"NATIVE"}
[2015-03-06 15:11:51][error] [,file:D:\PHP100.COM\WxpayAPI\native_notify.php,line:53,function:ERROR,function:callBackFunction,file:D:\PHP100.COM\WxpayAPI\lib\WxPay.Api.php,line:405,function:call_user_func,file:D:\PHP100.COM\WxpayAPI\native_notify.php,line:68,function:notify,file:D:\PHP100.COM\WxpayAPI\native_notify.php,line:74,function:main]{"return_code":"SUCCESS","return_msg":"OK","appid":"wx426b3015555a46be","mch_id":"1225312702","nonce_str":"gcjcwwffta7f3ij4t3s6r28sa6c9yviu","prepay_id":"wx2015030615115035f09af0480370841922","result_code":"SUCCESS","err_code_des":"OK"}
[2015-03-06 15:11:51][debug] <xml><appid><![CDATA[wx426b3015555a46be]]></appid><err_code_des><![CDATA[OK]]></err_code_des><mch_id>1225312702</mch_id><nonce_str><![CDATA[gcjcwwffta7f3ij4t3s6r28sa6c9yviu]]></nonce_str><prepay_id><![CDATA[wx2015030615115035f09af0480370841922]]></prepay_id><result_code><![CDATA[SUCCESS]]></result_code><return_code><![CDATA[SUCCESS]]></return_code><return_msg><![CDATA[OK]]></return_msg><sign><![CDATA[D2257B7C7D1E44E55EC4D7435473AE10]]></sign></xml>
[2015-03-06 15:12:32][error] [,file:D:\PHP100.COM\WxpayAPI\native_notify.php,line:58,function:ERROR,file:D:\PHP100.COM\WxpayAPI\native_notify.php,line:74,function:main]begin call back!
[2015-03-06 15:12:32][debug] <xml><appid><![CDATA[wx426b3015555a46be]]></appid>
		<openid><![CDATA[oHZx6uMbIG46UXQ3SKxVYEgw1LZs]]></openid>
		<mch_id><![CDATA[1225312702]]></mch_id>
		<is_subscribe><![CDATA[Y]]></is_subscribe>
		<nonce_str><![CDATA[npaCIV0kusU87Yrv]]></nonce_str>
		<product_id><![CDATA[123456789]]></product_id>
		<sign><![CDATA[58242C761FC3D70894EB37F87AA642DA]]></sign>
		</xml>
[2015-03-06 15:12:32][error] [,file:D:\PHP100.COM\WxpayAPI\native_notify.php,line:37,function:ERROR,function:callBackFunction,file:D:\PHP100.COM\WxpayAPI\lib\WxPay.Api.php,line:405,function:call_user_func,file:D:\PHP100.COM\WxpayAPI\native_notify.php,line:68,function:notify,file:D:\PHP100.COM\WxpayAPI\native_notify.php,line:74,function:main]in call back
[2015-03-06 15:12:32][error] [,file:D:\PHP100.COM\WxpayAPI\native_notify.php,line:40,function:ERROR,function:callBackFunction,file:D:\PHP100.COM\WxpayAPI\lib\WxPay.Api.php,line:405,function:call_user_func,file:D:\PHP100.COM\WxpayAPI\native_notify.php,line:68,function:notify,file:D:\PHP100.COM\WxpayAPI\native_notify.php,line:74,function:main]{"appid":"wx426b3015555a46be","is_subscribe":"Y","mch_id":"1225312702","nonce_str":"npaCIV0kusU87Yrv","openid":"oHZx6uMbIG46UXQ3SKxVYEgw1LZs","product_id":"123456789","sign":"58242C761FC3D70894EB37F87AA642DA"}
[2015-03-06 15:12:33][error] [,file:D:\PHP100.COM\WxpayAPI\native_notify.php,line:42,function:ERROR,function:callBackFunction,file:D:\PHP100.COM\WxpayAPI\lib\WxPay.Api.php,line:405,function:call_user_func,file:D:\PHP100.COM\WxpayAPI\native_notify.php,line:68,function:notify,file:D:\PHP100.COM\WxpayAPI\native_notify.php,line:74,function:main]{"appid":"wx426b3015555a46be","code_url":"weixin:\/\/wxpay\/bizpayurl?pr=4G8iBGz","mch_id":"1225312702","nonce_str":"z9J8iEFPFuwLoWNx","prepay_id":"wx20150306151233f5027cad340190007753","result_code":"SUCCESS","return_code":"SUCCESS","return_msg":"OK","sign":"59EBB738C7D45E7948C10EEDF1CD329B","trade_type":"NATIVE"}
[2015-03-06 15:12:33][error] [,file:D:\PHP100.COM\WxpayAPI\native_notify.php,line:53,function:ERROR,function:callBackFunction,file:D:\PHP100.COM\WxpayAPI\lib\WxPay.Api.php,line:405,function:call_user_func,file:D:\PHP100.COM\WxpayAPI\native_notify.php,line:68,function:notify,file:D:\PHP100.COM\WxpayAPI\native_notify.php,line:74,function:main]{"return_code":"SUCCESS","return_msg":"OK","appid":"wx426b3015555a46be","mch_id":"1225312702","nonce_str":"8kqudg7pnd91egyopqztfqaw0wulexc1","prepay_id":"wx20150306151233f5027cad340190007753","result_code":"SUCCESS","err_code_des":"OK"}
[2015-03-06 15:12:33][debug] <xml><appid><![CDATA[wx426b3015555a46be]]></appid><err_code_des><![CDATA[OK]]></err_code_des><mch_id>1225312702</mch_id><nonce_str><![CDATA[8kqudg7pnd91egyopqztfqaw0wulexc1]]></nonce_str><prepay_id><![CDATA[wx20150306151233f5027cad340190007753]]></prepay_id><result_code><![CDATA[SUCCESS]]></result_code><return_code><![CDATA[SUCCESS]]></return_code><return_msg><![CDATA[OK]]></return_msg><sign><![CDATA[991C23146D192A5D547C43B2C4E820FE]]></sign></xml>
[2015-03-06 15:28:06][error] [,file:D:\PHP100.COM\WxpayAPI\native_notify.php,line:58,function:ERROR,file:D:\PHP100.COM\WxpayAPI\native_notify.php,line:74,function:main]begin call back!
[2015-03-06 15:28:06][debug] <xml><appid><![CDATA[wx426b3015555a46be]]></appid>
		<openid><![CDATA[oHZx6uMbIG46UXQ3SKxVYEgw1LZs]]></openid>
		<mch_id><![CDATA[1225312702]]></mch_id>
		<is_subscribe><![CDATA[Y]]></is_subscribe>
		<nonce_str><![CDATA[npaCIV0kusU87Yrv]]></nonce_str>
		<product_id><![CDATA[123456789]]></product_id>
		<sign><![CDATA[58242C761FC3D70894EB37F87AA642DA]]></sign>
		</xml>
[2015-03-06 15:28:06][error] [,file:D:\PHP100.COM\WxpayAPI\native_notify.php,line:37,function:ERROR,function:callBackFunction,file:D:\PHP100.COM\WxpayAPI\lib\WxPay.Api.php,line:406,function:call_user_func,file:D:\PHP100.COM\WxpayAPI\native_notify.php,line:68,function:notify,file:D:\PHP100.COM\WxpayAPI\native_notify.php,line:74,function:main]in call back
[2015-03-06 15:28:06][error] [,file:D:\PHP100.COM\WxpayAPI\native_notify.php,line:40,function:ERROR,function:callBackFunction,file:D:\PHP100.COM\WxpayAPI\lib\WxPay.Api.php,line:406,function:call_user_func,file:D:\PHP100.COM\WxpayAPI\native_notify.php,line:68,function:notify,file:D:\PHP100.COM\WxpayAPI\native_notify.php,line:74,function:main]{"appid":"wx426b3015555a46be","is_subscribe":"Y","mch_id":"1225312702","nonce_str":"npaCIV0kusU87Yrv","openid":"oHZx6uMbIG46UXQ3SKxVYEgw1LZs","product_id":"123456789","sign":"58242C761FC3D70894EB37F87AA642DA"}
[2015-03-06 15:28:07][error] [,file:D:\PHP100.COM\WxpayAPI\native_notify.php,line:42,function:ERROR,function:callBackFunction,file:D:\PHP100.COM\WxpayAPI\lib\WxPay.Api.php,line:406,function:call_user_func,file:D:\PHP100.COM\WxpayAPI\native_notify.php,line:68,function:notify,file:D:\PHP100.COM\WxpayAPI\native_notify.php,line:74,function:main]{"appid":"wx426b3015555a46be","code_url":"weixin:\/\/wxpay\/bizpayurl?pr=j2dD3D7","mch_id":"1225312702","nonce_str":"6X6ebLOmdKO2EHvS","prepay_id":"wx20150306152806048f2edd3b0843571735","result_code":"SUCCESS","return_code":"SUCCESS","return_msg":"OK","sign":"2682CE8DB63038612F929B58DF98547E","trade_type":"NATIVE"}
[2015-03-06 15:28:07][error] [,file:D:\PHP100.COM\WxpayAPI\native_notify.php,line:53,function:ERROR,function:callBackFunction,file:D:\PHP100.COM\WxpayAPI\lib\WxPay.Api.php,line:406,function:call_user_func,file:D:\PHP100.COM\WxpayAPI\native_notify.php,line:68,function:notify,file:D:\PHP100.COM\WxpayAPI\native_notify.php,line:74,function:main]{"return_code":"SUCCESS","return_msg":"OK","appid":"wx426b3015555a46be","mch_id":"1225312702","nonce_str":"r9u0o813dk7pyqbaq81gqs9xyaalqu10","prepay_id":"wx20150306152806048f2edd3b0843571735","result_code":"SUCCESS","err_code_des":"OK"}
[2015-03-06 15:28:07][debug] <xml><appid><![CDATA[wx426b3015555a46be]]></appid><err_code_des><![CDATA[OK]]></err_code_des><mch_id>1225312702</mch_id><nonce_str><![CDATA[r9u0o813dk7pyqbaq81gqs9xyaalqu10]]></nonce_str><prepay_id><![CDATA[wx20150306152806048f2edd3b0843571735]]></prepay_id><result_code><![CDATA[SUCCESS]]></result_code><return_code><![CDATA[SUCCESS]]></return_code><return_msg><![CDATA[OK]]></return_msg><sign><![CDATA[54A06E1FB56183810802EE71BCA055F3]]></sign></xml>
[2015-03-06 15:34:07][error] [,file:D:\PHP100.COM\WxpayAPI\native_notify.php,line:58,function:ERROR,file:D:\PHP100.COM\WxpayAPI\native_notify.php,line:74,function:main]begin call back!
[2015-03-06 15:34:07][debug] <xml><appid><![CDATA[wx426b3015555a46be]]></appid>
		<openid><![CDATA[oHZx6uMbIG46UXQ3SKxVYEgw1LZs]]></openid>
		<mch_id><![CDATA[1225312702]]></mch_id>
		<is_subscribe><![CDATA[Y]]></is_subscribe>
		<nonce_str><![CDATA[npaCIV0kusU87Yrv]]></nonce_str>
		<product_id><![CDATA[123456789]]></product_id>
		<sign><![CDATA[58242C761FC3D70894EB37F87AA642DA]]></sign>
		</xml>
[2015-03-06 15:34:07][error] [,file:D:\PHP100.COM\WxpayAPI\native_notify.php,line:37,function:ERROR,function:callBackFunction,file:D:\PHP100.COM\WxpayAPI\lib\WxPay.Api.php,line:406,function:call_user_func,file:D:\PHP100.COM\WxpayAPI\native_notify.php,line:68,function:notify,file:D:\PHP100.COM\WxpayAPI\native_notify.php,line:74,function:main]in call back
[2015-03-06 15:34:07][error] [,file:D:\PHP100.COM\WxpayAPI\native_notify.php,line:40,function:ERROR,function:callBackFunction,file:D:\PHP100.COM\WxpayAPI\lib\WxPay.Api.php,line:406,function:call_user_func,file:D:\PHP100.COM\WxpayAPI\native_notify.php,line:68,function:notify,file:D:\PHP100.COM\WxpayAPI\native_notify.php,line:74,function:main]{"appid":"wx426b3015555a46be","is_subscribe":"Y","mch_id":"1225312702","nonce_str":"npaCIV0kusU87Yrv","openid":"oHZx6uMbIG46UXQ3SKxVYEgw1LZs","product_id":"123456789","sign":"58242C761FC3D70894EB37F87AA642DA"}
[2015-03-06 15:34:08][error] [,file:D:\PHP100.COM\WxpayAPI\native_notify.php,line:42,function:ERROR,function:callBackFunction,file:D:\PHP100.COM\WxpayAPI\lib\WxPay.Api.php,line:406,function:call_user_func,file:D:\PHP100.COM\WxpayAPI\native_notify.php,line:68,function:notify,file:D:\PHP100.COM\WxpayAPI\native_notify.php,line:74,function:main]{"appid":"wx426b3015555a46be","code_url":"weixin:\/\/wxpay\/bizpayurl?pr=Z06g7Hy","mch_id":"1225312702","nonce_str":"oFLiQyf0rCEN5YTx","prepay_id":"wx20150306153407ea8f55cbe40181021536","result_code":"SUCCESS","return_code":"SUCCESS","return_msg":"OK","sign":"E1041D761B76CBA440BAA2E6D357A601","trade_type":"NATIVE"}
[2015-03-06 15:34:08][error] [,file:D:\PHP100.COM\WxpayAPI\native_notify.php,line:53,function:ERROR,function:callBackFunction,file:D:\PHP100.COM\WxpayAPI\lib\WxPay.Api.php,line:406,function:call_user_func,file:D:\PHP100.COM\WxpayAPI\native_notify.php,line:68,function:notify,file:D:\PHP100.COM\WxpayAPI\native_notify.php,line:74,function:main]{"return_code":"SUCCESS","return_msg":"OK","appid":"wx426b3015555a46be","mch_id":"1225312702","nonce_str":"gr8y01dto6rvfucmf8rmk8pj3ehqsy1w","prepay_id":"wx20150306153407ea8f55cbe40181021536","result_code":"SUCCESS","err_code_des":"OK"}
[2015-03-06 15:34:08][debug] <xml><appid><![CDATA[wx426b3015555a46be]]></appid><err_code_des><![CDATA[OK]]></err_code_des><mch_id>1225312702</mch_id><nonce_str><![CDATA[gr8y01dto6rvfucmf8rmk8pj3ehqsy1w]]></nonce_str><prepay_id><![CDATA[wx20150306153407ea8f55cbe40181021536]]></prepay_id><result_code><![CDATA[SUCCESS]]></result_code><return_code><![CDATA[SUCCESS]]></return_code><return_msg><![CDATA[OK]]></return_msg><sign><![CDATA[5C80CFAF6BE791EF44BE491051F8FBE3]]></sign></xml>
[2015-03-06 15:34:55][error] [,file:D:\PHP100.COM\WxpayAPI\native_notify.php,line:58,function:ERROR,file:D:\PHP100.COM\WxpayAPI\native_notify.php,line:74,function:main]begin call back!
[2015-03-06 15:34:55][debug] <xml><appid><![CDATA[wx426b3015555a46be]]></appid>
		<openid><![CDATA[oHZx6uMbIG46UXQ3SKxVYEgw1LZs]]></openid>
		<mch_id><![CDATA[1225312702]]></mch_id>
		<is_subscribe><![CDATA[Y]]></is_subscribe>
		<nonce_str><![CDATA[npaCIV0kusU87Yrv]]></nonce_str>
		<product_id><![CDATA[123456789]]></product_id>
		<sign><![CDATA[58242C761FC3D70894EB37F87AA642DA]]></sign>
		</xml>
[2015-03-06 15:34:55][error] [,file:D:\PHP100.COM\WxpayAPI\native_notify.php,line:37,function:ERROR,function:callBackFunction,file:D:\PHP100.COM\WxpayAPI\lib\WxPay.Api.php,line:406,function:call_user_func,file:D:\PHP100.COM\WxpayAPI\native_notify.php,line:68,function:notify,file:D:\PHP100.COM\WxpayAPI\native_notify.php,line:74,function:main]in call back
[2015-03-06 15:34:55][error] [,file:D:\PHP100.COM\WxpayAPI\native_notify.php,line:40,function:ERROR,function:callBackFunction,file:D:\PHP100.COM\WxpayAPI\lib\WxPay.Api.php,line:406,function:call_user_func,file:D:\PHP100.COM\WxpayAPI\native_notify.php,line:68,function:notify,file:D:\PHP100.COM\WxpayAPI\native_notify.php,line:74,function:main]{"appid":"wx426b3015555a46be","is_subscribe":"Y","mch_id":"1225312702","nonce_str":"npaCIV0kusU87Yrv","openid":"oHZx6uMbIG46UXQ3SKxVYEgw1LZs","product_id":"123456789","sign":"58242C761FC3D70894EB37F87AA642DA"}
[2015-03-06 15:34:56][error] [,file:D:\PHP100.COM\WxpayAPI\native_notify.php,line:42,function:ERROR,function:callBackFunction,file:D:\PHP100.COM\WxpayAPI\lib\WxPay.Api.php,line:406,function:call_user_func,file:D:\PHP100.COM\WxpayAPI\native_notify.php,line:68,function:notify,file:D:\PHP100.COM\WxpayAPI\native_notify.php,line:74,function:main]{"appid":"wx426b3015555a46be","code_url":"weixin:\/\/wxpay\/bizpayurl?pr=VDvHycG","mch_id":"1225312702","nonce_str":"saEgRusRg0b7rWf6","prepay_id":"wx2015030615345508507dc88a0832857677","result_code":"SUCCESS","return_code":"SUCCESS","return_msg":"OK","sign":"0A9DB2B80B129A9A7C33B8E960B93AC6","trade_type":"NATIVE"}
[2015-03-06 15:34:56][error] [,file:D:\PHP100.COM\WxpayAPI\native_notify.php,line:53,function:ERROR,function:callBackFunction,file:D:\PHP100.COM\WxpayAPI\lib\WxPay.Api.php,line:406,function:call_user_func,file:D:\PHP100.COM\WxpayAPI\native_notify.php,line:68,function:notify,file:D:\PHP100.COM\WxpayAPI\native_notify.php,line:74,function:main]{"return_code":"SUCCESS","return_msg":"OK","appid":"wx426b3015555a46be","mch_id":"1225312702","nonce_str":"s8gl51sp5kkk1jyiyk2clb69egippzlx","prepay_id":"wx2015030615345508507dc88a0832857677","result_code":"SUCCESS","err_code_des":"OK"}
[2015-03-06 15:34:56][debug] <xml><appid><![CDATA[wx426b3015555a46be]]></appid><err_code_des><![CDATA[OK]]></err_code_des><mch_id>1225312702</mch_id><nonce_str><![CDATA[s8gl51sp5kkk1jyiyk2clb69egippzlx]]></nonce_str><prepay_id><![CDATA[wx2015030615345508507dc88a0832857677]]></prepay_id><result_code><![CDATA[SUCCESS]]></result_code><return_code><![CDATA[SUCCESS]]></return_code><return_msg><![CDATA[OK]]></return_msg><sign><![CDATA[2296C084EB95099CB8906A500519E21E]]></sign></xml>
[2015-03-06 15:35:29][error] [,file:D:\PHP100.COM\WxpayAPI\native_notify.php,line:58,function:ERROR,file:D:\PHP100.COM\WxpayAPI\native_notify.php,line:74,function:main]begin call back!
[2015-03-06 15:35:29][debug] <xml><appid><![CDATA[wx426b3015555a46be]]></appid>
		<openid><![CDATA[oHZx6uMbIG46UXQ3SKxVYEgw1LZs]]></openid>
		<mch_id><![CDATA[1225312702]]></mch_id>
		<is_subscribe><![CDATA[Y]]></is_subscribe>
		<nonce_str><![CDATA[npaCIV0kusU87Yrv]]></nonce_str>
		<product_id><![CDATA[123456789]]></product_id>
		<sign><![CDATA[58242C761FC3D70894EB37F87AA642DA]]></sign>
		</xml>
[2015-03-06 15:35:29][error] [,file:D:\PHP100.COM\WxpayAPI\native_notify.php,line:37,function:ERROR,function:callBackFunction,file:D:\PHP100.COM\WxpayAPI\lib\WxPay.Api.php,line:405,function:call_user_func,file:D:\PHP100.COM\WxpayAPI\native_notify.php,line:68,function:notify,file:D:\PHP100.COM\WxpayAPI\native_notify.php,line:74,function:main]in call back
[2015-03-06 15:35:29][error] [,file:D:\PHP100.COM\WxpayAPI\native_notify.php,line:40,function:ERROR,function:callBackFunction,file:D:\PHP100.COM\WxpayAPI\lib\WxPay.Api.php,line:405,function:call_user_func,file:D:\PHP100.COM\WxpayAPI\native_notify.php,line:68,function:notify,file:D:\PHP100.COM\WxpayAPI\native_notify.php,line:74,function:main]{"appid":"wx426b3015555a46be","is_subscribe":"Y","mch_id":"1225312702","nonce_str":"npaCIV0kusU87Yrv","openid":"oHZx6uMbIG46UXQ3SKxVYEgw1LZs","product_id":"123456789","sign":"58242C761FC3D70894EB37F87AA642DA"}
[2015-03-06 15:35:30][error] [,file:D:\PHP100.COM\WxpayAPI\native_notify.php,line:42,function:ERROR,function:callBackFunction,file:D:\PHP100.COM\WxpayAPI\lib\WxPay.Api.php,line:405,function:call_user_func,file:D:\PHP100.COM\WxpayAPI\native_notify.php,line:68,function:notify,file:D:\PHP100.COM\WxpayAPI\native_notify.php,line:74,function:main]{"appid":"wx426b3015555a46be","code_url":"weixin:\/\/wxpay\/bizpayurl?pr=WyCQnb5","mch_id":"1225312702","nonce_str":"KDsOpouXdUmVNTTC","prepay_id":"wx2015030615352902212b121c0006788506","result_code":"SUCCESS","return_code":"SUCCESS","return_msg":"OK","sign":"A473C20FE069A6F402FA7145C92BF055","trade_type":"NATIVE"}
[2015-03-06 15:35:30][error] [,file:D:\PHP100.COM\WxpayAPI\native_notify.php,line:53,function:ERROR,function:callBackFunction,file:D:\PHP100.COM\WxpayAPI\lib\WxPay.Api.php,line:405,function:call_user_func,file:D:\PHP100.COM\WxpayAPI\native_notify.php,line:68,function:notify,file:D:\PHP100.COM\WxpayAPI\native_notify.php,line:74,function:main]{"return_code":"SUCCESS","return_msg":"OK","appid":"wx426b3015555a46be","mch_id":"1225312702","nonce_str":"pvzkxcg58t6cgl7mlfj40j6vqs0azszv","prepay_id":"wx2015030615352902212b121c0006788506","result_code":"SUCCESS","err_code_des":"OK"}
[2015-03-06 15:35:30][debug] <xml><appid><![CDATA[wx426b3015555a46be]]></appid><err_code_des><![CDATA[OK]]></err_code_des><mch_id>1225312702</mch_id><nonce_str><![CDATA[pvzkxcg58t6cgl7mlfj40j6vqs0azszv]]></nonce_str><prepay_id><![CDATA[wx2015030615352902212b121c0006788506]]></prepay_id><result_code><![CDATA[SUCCESS]]></result_code><return_code><![CDATA[SUCCESS]]></return_code><return_msg><![CDATA[OK]]></return_msg><sign><![CDATA[60403444DC39803AC9670CF19ACCE29A]]></sign></xml>
